  [1m[35m (0.7ms)[0m  [1m[35mCREATE TABLE "schema_migrations" ("version" varchar NOT NULL PRIMARY KEY) /*application='Blog'*/[0m
  [1m[35m (0.1ms)[0m  [1m[35mCREATE TABLE "ar_internal_metadata" ("key" varchar NOT NULL PRIMARY KEY, "value" varchar, "created_at" datetime(6) NOT NULL, "updated_at" datetime(6) NOT NULL) /*application='Blog'*/[0m
  [1m[36mActiveRecord::SchemaMigration Load (0.2ms)[0m  [1m[34mSELECT "schema_migrations"."version" FROM "schema_migrations" ORDER BY "schema_migrations"."version" ASC /*application='Blog'*/[0m
Started GET "/" for 127.0.0.1 at 2024-12-09 22:56:42 -0500
  [1m[36mActiveRecord::SchemaMigration Load (0.3ms)[0m  [1m[34mSELECT "schema_migrations"."version" FROM "schema_migrations" ORDER BY "schema_migrations"."version" ASC /*application='Blog'*/[0m
Processing by Rails::WelcomeController#index as HTML
  Rendering /home/vector/.rvm/gems/ruby-3.2.6/gems/railties-8.0.0/lib/rails/templates/rails/welcome/index.html.erb
  Rendered /home/vector/.rvm/gems/ruby-3.2.6/gems/railties-8.0.0/lib/rails/templates/rails/welcome/index.html.erb (Duration: 0.6ms | GC: 0.0ms)
Completed 200 OK in 147ms (Views: 7.1ms | ActiveRecord: 0.0ms (0 queries, 0 cached) | GC: 0.8ms)


  [1m[36mActiveRecord::SchemaMigration Load (0.8ms)[0m  [1m[34mSELECT "schema_migrations"."version" FROM "schema_migrations" ORDER BY "schema_migrations"."version" ASC /*application='Blog'*/[0m
Started GET "/" for 127.0.0.1 at 2024-12-10 05:52:09 -0500
  [1m[36mActiveRecord::SchemaMigration Load (0.1ms)[0m  [1m[34mSELECT "schema_migrations"."version" FROM "schema_migrations" ORDER BY "schema_migrations"."version" ASC /*application='Blog'*/[0m
Processing by Rails::WelcomeController#index as HTML
  Rendering /home/vector/.rvm/gems/ruby-3.2.6/gems/railties-8.0.0/lib/rails/templates/rails/welcome/index.html.erb
  Rendered /home/vector/.rvm/gems/ruby-3.2.6/gems/railties-8.0.0/lib/rails/templates/rails/welcome/index.html.erb (Duration: 1.1ms | GC: 0.0ms)
Completed 200 OK in 96ms (Views: 9.1ms | ActiveRecord: 0.0ms (0 queries, 0 cached) | GC: 1.5ms)


Started GET "/" for 127.0.0.1 at 2024-12-10 05:53:10 -0500
Processing by ArticlesController#index as HTML
  Rendering layout layouts/application.html.erb
  Rendering articles/index.html.erb within layouts/application
  Rendered articles/index.html.erb within layouts/application (Duration: 0.3ms | GC: 0.0ms)
  Rendered layout layouts/application.html.erb (Duration: 41.2ms | GC: 0.0ms)
Completed 200 OK in 93ms (Views: 44.1ms | ActiveRecord: 0.0ms (0 queries, 0 cached) | GC: 1.4ms)


Started GET "/assets/application-8b441ae0.css" for 127.0.0.1 at 2024-12-10 05:53:10 -0500
Started GET "/assets/stimulus.min-4b1e420e.js" for 127.0.0.1 at 2024-12-10 05:53:10 -0500
Started GET "/assets/stimulus-loading-1fc53fe7.js" for 127.0.0.1 at 2024-12-10 05:53:10 -0500
Started GET "/assets/controllers/index-ee64e1f1.js" for 127.0.0.1 at 2024-12-10 05:53:10 -0500
Started GET "/assets/controllers/hello_controller-708796bd.js" for 127.0.0.1 at 2024-12-10 05:53:10 -0500
Started GET "/assets/turbo.min-fae85750.js" for 127.0.0.1 at 2024-12-10 05:53:10 -0500
Started GET "/assets/application-bfcdf840.js" for 127.0.0.1 at 2024-12-10 05:53:10 -0500
Started GET "/assets/controllers/application-3affb389.js" for 127.0.0.1 at 2024-12-10 05:53:10 -0500
  [1m[36mCACHE ActiveRecord::SchemaMigration Load (0.0ms)[0m  [1m[34mSELECT "schema_migrations"."version" FROM "schema_migrations" ORDER BY "schema_migrations"."version" ASC[0m
  [1m[36mCACHE ActiveRecord::SchemaMigration Load (0.0ms)[0m  [1m[34mSELECT "schema_migrations"."version" FROM "schema_migrations" ORDER BY "schema_migrations"."version" ASC[0m
  [1m[36mActiveRecord::InternalMetadata Load (10.4ms)[0m  [1m[34mSELECT * FROM "ar_internal_metadata" WHERE "ar_internal_metadata"."key" = 'environment' ORDER BY "ar_internal_metadata"."key" ASC LIMIT 1 /*application='Blog'*/[0m
  [1m[36mActiveRecord::InternalMetadata Create (14.4ms)[0m  [1m[32mINSERT INTO "ar_internal_metadata" ("key", "value", "created_at", "updated_at") VALUES ('environment', 'development', '2024-12-10 11:09:39.736789', '2024-12-10 11:09:39.736792') RETURNING "key" /*application='Blog'*/[0m
  [1m[36mActiveRecord::SchemaMigration Load (0.3ms)[0m  [1m[34mSELECT "schema_migrations"."version" FROM "schema_migrations" ORDER BY "schema_migrations"."version" ASC /*application='Blog'*/[0m
Migrating to CreateArticles (20241210110718)
  [1m[36mTRANSACTION (0.1ms)[0m  [1m[35mBEGIN immediate TRANSACTION /*application='Blog'*/[0m
  [1m[35m (16.6ms)[0m  [1m[35mCREATE TABLE "articles" ("id" integer PRIMARY KEY AUTOINCREMENT NOT NULL, "title" varchar, "body" text, "created_at" datetime(6) NOT NULL, "updated_at" datetime(6) NOT NULL) /*application='Blog'*/[0m
  [1m[36mActiveRecord::SchemaMigration Create (0.2ms)[0m  [1m[32mINSERT INTO "schema_migrations" ("version") VALUES ('20241210110718') RETURNING "version" /*application='Blog'*/[0m
  [1m[36mTRANSACTION (0.1ms)[0m  [1m[35mCOMMIT TRANSACTION /*application='Blog'*/[0m
  [1m[36mActiveRecord::SchemaMigration Load (0.0ms)[0m  [1m[34mSELECT "schema_migrations"."version" FROM "schema_migrations" ORDER BY "schema_migrations"."version" ASC /*application='Blog'*/[0m
  [1m[36mTRANSACTION (0.1ms)[0m  [1m[35mBEGIN immediate TRANSACTION /*application='Blog'*/[0m
  [1m[36mArticle Create (0.6ms)[0m  [1m[32mINSERT INTO "articles" ("title", "body", "created_at", "updated_at") VALUES ('Hello Rails', 'I''m on Rails!', '2024-12-10 11:11:32.007349', '2024-12-10 11:11:32.007349') RETURNING "id" /*application='Blog'*/[0m
  [1m[36mTRANSACTION (0.8ms)[0m  [1m[35mCOMMIT TRANSACTION /*application='Blog'*/[0m
  [1m[36mArticle Load (0.2ms)[0m  [1m[34mSELECT "articles".* FROM "articles" WHERE "articles"."id" = 1 LIMIT 1 /*application='Blog'*/[0m
  [1m[36mArticle Load (0.1ms)[0m  [1m[34mSELECT "articles".* FROM "articles" /* loading for pp */ LIMIT 11 /*application='Blog'*/[0m
Started GET "/" for 127.0.0.1 at 2024-12-10 06:14:39 -0500
  [1m[36mActiveRecord::SchemaMigration Load (0.1ms)[0m  [1m[34mSELECT "schema_migrations"."version" FROM "schema_migrations" ORDER BY "schema_migrations"."version" ASC /*application='Blog'*/[0m
Processing by ArticlesController#index as HTML
  Rendering layout layouts/application.html.erb
  Rendering articles/index.html.erb within layouts/application
  [1m[36mArticle Load (0.6ms)[0m  [1m[34mSELECT "articles".* FROM "articles" /*action='index',application='Blog',controller='articles'*/[0m
  ↳ app/views/articles/index.html.erb:3
  Rendered articles/index.html.erb within layouts/application (Duration: 7.8ms | GC: 0.0ms)
  Rendered layout layouts/application.html.erb (Duration: 45.9ms | GC: 7.8ms)
Completed 200 OK in 90ms (Views: 54.5ms | ActiveRecord: 0.9ms (1 query, 0 cached) | GC: 7.8ms)


Started GET "/" for 127.0.0.1 at 2024-12-10 06:50:41 -0500
  [1m[36mActiveRecord::SchemaMigration Load (0.2ms)[0m  [1m[34mSELECT "schema_migrations"."version" FROM "schema_migrations" ORDER BY "schema_migrations"."version" ASC /*application='Blog'*/[0m
Processing by ArticlesController#index as HTML
  Rendering layout layouts/application.html.erb
  Rendering articles/index.html.erb within layouts/application
  [1m[36mArticle Load (0.6ms)[0m  [1m[34mSELECT "articles".* FROM "articles" /*action='index',application='Blog',controller='articles'*/[0m
  ↳ app/views/articles/index.html.erb:3
  Rendered articles/index.html.erb within layouts/application (Duration: 6.3ms | GC: 0.4ms)
  Rendered layout layouts/application.html.erb (Duration: 18.8ms | GC: 1.4ms)
Completed 200 OK in 185ms (Views: 20.4ms | ActiveRecord: 0.9ms (1 query, 0 cached) | GC: 2.9ms)


Started GET "/articles/1" for 127.0.0.1 at 2024-12-10 06:50:43 -0500
Processing by ArticlesController#show as HTML
  Parameters: {"id"=>"1"}
  [1m[36mArticle Load (0.1ms)[0m  [1m[34mSELECT "articles".* FROM "articles" WHERE "articles"."id" = 1 LIMIT 1 /*action='show',application='Blog',controller='articles'*/[0m
  ↳ app/controllers/articles_controller.rb:7:in `show'
  Rendering layout layouts/application.html.erb
  Rendering articles/show.html.erb within layouts/application
  Rendered articles/show.html.erb within layouts/application (Duration: 0.3ms | GC: 0.0ms)
  Rendered layout layouts/application.html.erb (Duration: 1.0ms | GC: 0.0ms)
Completed 200 OK in 9ms (Views: 1.3ms | ActiveRecord: 0.1ms (1 query, 0 cached) | GC: 0.1ms)


Started GET "/articles/1" for 127.0.0.1 at 2024-12-10 06:50:49 -0500
Processing by ArticlesController#show as HTML
  Parameters: {"id"=>"1"}
  [1m[36mArticle Load (0.1ms)[0m  [1m[34mSELECT "articles".* FROM "articles" WHERE "articles"."id" = 1 LIMIT 1 /*action='show',application='Blog',controller='articles'*/[0m
  ↳ app/controllers/articles_controller.rb:7:in `show'
  Rendering layout layouts/application.html.erb
  Rendering articles/show.html.erb within layouts/application
  Rendered articles/show.html.erb within layouts/application (Duration: 0.1ms | GC: 0.0ms)
  Rendered layout layouts/application.html.erb (Duration: 0.9ms | GC: 0.0ms)
Completed 200 OK in 8ms (Views: 1.2ms | ActiveRecord: 0.1ms (1 query, 0 cached) | GC: 0.0ms)


Started GET "/articles/1" for 127.0.0.1 at 2024-12-10 06:51:17 -0500
Processing by ArticlesController#show as HTML
  Parameters: {"id"=>"1"}
  [1m[36mArticle Load (0.1ms)[0m  [1m[34mSELECT "articles".* FROM "articles" WHERE "articles"."id" = 1 LIMIT 1 /*action='show',application='Blog',controller='articles'*/[0m
  ↳ app/controllers/articles_controller.rb:7:in `show'
  Rendering layout layouts/application.html.erb
  Rendering articles/show.html.erb within layouts/application
  Rendered articles/show.html.erb within layouts/application (Duration: 0.3ms | GC: 0.0ms)
  Rendered layout layouts/application.html.erb (Duration: 2.5ms | GC: 0.0ms)
Completed 200 OK in 16ms (Views: 3.6ms | ActiveRecord: 0.9ms (1 query, 0 cached) | GC: 0.0ms)


Started GET "/" for 127.0.0.1 at 2024-12-10 06:51:19 -0500
Processing by ArticlesController#index as HTML
  Rendering layout layouts/application.html.erb
  Rendering articles/index.html.erb within layouts/application
  [1m[36mArticle Load (0.1ms)[0m  [1m[34mSELECT "articles".* FROM "articles" /*action='index',application='Blog',controller='articles'*/[0m
  ↳ app/views/articles/index.html.erb:3
  Rendered articles/index.html.erb within layouts/application (Duration: 1.6ms | GC: 0.0ms)
  Rendered layout layouts/application.html.erb (Duration: 2.8ms | GC: 0.0ms)
Completed 200 OK in 11ms (Views: 3.2ms | ActiveRecord: 0.1ms (1 query, 0 cached) | GC: 0.0ms)


Started GET "/articles/1" for 127.0.0.1 at 2024-12-10 06:54:52 -0500
Processing by ArticlesController#show as HTML
  Parameters: {"id"=>"1"}
  [1m[36mArticle Load (0.1ms)[0m  [1m[34mSELECT "articles".* FROM "articles" WHERE "articles"."id" = 1 LIMIT 1 /*action='show',application='Blog',controller='articles'*/[0m
  ↳ app/controllers/articles_controller.rb:7:in `show'
  Rendering layout layouts/application.html.erb
  Rendering articles/show.html.erb within layouts/application
  Rendered articles/show.html.erb within layouts/application (Duration: 0.1ms | GC: 0.0ms)
  Rendered layout layouts/application.html.erb (Duration: 0.8ms | GC: 0.0ms)
Completed 200 OK in 7ms (Views: 1.1ms | ActiveRecord: 0.1ms (1 query, 0 cached) | GC: 0.0ms)


Started GET "/articles/1" for 127.0.0.1 at 2024-12-10 06:54:54 -0500
Processing by ArticlesController#show as HTML
  Parameters: {"id"=>"1"}
  [1m[36mArticle Load (0.1ms)[0m  [1m[34mSELECT "articles".* FROM "articles" WHERE "articles"."id" = 1 LIMIT 1 /*action='show',application='Blog',controller='articles'*/[0m
  ↳ app/controllers/articles_controller.rb:7:in `show'
  Rendering layout layouts/application.html.erb
  Rendering articles/show.html.erb within layouts/application
  Rendered articles/show.html.erb within layouts/application (Duration: 0.1ms | GC: 0.0ms)
  Rendered layout layouts/application.html.erb (Duration: 0.8ms | GC: 0.0ms)
Completed 200 OK in 7ms (Views: 1.1ms | ActiveRecord: 0.1ms (1 query, 0 cached) | GC: 0.0ms)


Started GET "/" for 127.0.0.1 at 2024-12-10 07:00:21 -0500
  [1m[36mActiveRecord::SchemaMigration Load (0.1ms)[0m  [1m[34mSELECT "schema_migrations"."version" FROM "schema_migrations" ORDER BY "schema_migrations"."version" ASC /*application='Blog'*/[0m
Processing by ArticlesController#index as HTML
  Rendering layout layouts/application.html.erb
  Rendering articles/index.html.erb within layouts/application
  [1m[36mArticle Load (1.1ms)[0m  [1m[34mSELECT "articles".* FROM "articles" /*action='index',application='Blog',controller='articles'*/[0m
  ↳ app/views/articles/index.html.erb:3
  Rendered articles/index.html.erb within layouts/application (Duration: 12.7ms | GC: 1.0ms)
  Rendered layout layouts/application.html.erb (Duration: 26.7ms | GC: 2.9ms)
Completed 200 OK in 57ms (Views: 27.5ms | ActiveRecord: 1.6ms (1 query, 0 cached) | GC: 5.6ms)


Started GET "/articles/1" for 127.0.0.1 at 2024-12-10 07:00:23 -0500
Processing by ArticlesController#show as HTML
  Parameters: {"id"=>"1"}
  [1m[36mArticle Load (0.2ms)[0m  [1m[34mSELECT "articles".* FROM "articles" WHERE "articles"."id" = 1 LIMIT 1 /*action='show',application='Blog',controller='articles'*/[0m
  ↳ app/controllers/articles_controller.rb:7:in `show'
  Rendering layout layouts/application.html.erb
  Rendering articles/show.html.erb within layouts/application
  Rendered articles/show.html.erb within layouts/application (Duration: 0.3ms | GC: 0.0ms)
  Rendered layout layouts/application.html.erb (Duration: 1.7ms | GC: 0.0ms)
Completed 200 OK in 11ms (Views: 2.1ms | ActiveRecord: 0.2ms (1 query, 0 cached) | GC: 0.0ms)


Started GET "/articles/1" for 127.0.0.1 at 2024-12-10 07:00:25 -0500
Processing by ArticlesController#show as HTML
  Parameters: {"id"=>"1"}
  [1m[36mArticle Load (0.1ms)[0m  [1m[34mSELECT "articles".* FROM "articles" WHERE "articles"."id" = 1 LIMIT 1 /*action='show',application='Blog',controller='articles'*/[0m
  ↳ app/controllers/articles_controller.rb:7:in `show'
  Rendering layout layouts/application.html.erb
  Rendering articles/show.html.erb within layouts/application
  Rendered articles/show.html.erb within layouts/application (Duration: 0.1ms | GC: 0.0ms)
  Rendered layout layouts/application.html.erb (Duration: 1.0ms | GC: 0.0ms)
Completed 200 OK in 7ms (Views: 1.3ms | ActiveRecord: 0.1ms (1 query, 0 cached) | GC: 0.0ms)


Started GET "/" for 127.0.0.1 at 2024-12-10 07:01:01 -0500
Processing by ArticlesController#index as HTML
  Rendering layout layouts/application.html.erb
  Rendering articles/index.html.erb within layouts/application
  [1m[36mArticle Load (0.7ms)[0m  [1m[34mSELECT "articles".* FROM "articles" /*action='index',application='Blog',controller='articles'*/[0m
  ↳ app/views/articles/index.html.erb:3
  Rendered articles/index.html.erb within layouts/application (Duration: 5.6ms | GC: 0.0ms)
  Rendered layout layouts/application.html.erb (Duration: 7.7ms | GC: 0.0ms)
Completed 200 OK in 15ms (Views: 7.7ms | ActiveRecord: 1.0ms (1 query, 0 cached) | GC: 0.0ms)


Started GET "/articles/1" for 127.0.0.1 at 2024-12-10 07:01:02 -0500
Processing by ArticlesController#show as HTML
  Parameters: {"id"=>"1"}
  [1m[36mArticle Load (0.1ms)[0m  [1m[34mSELECT "articles".* FROM "articles" WHERE "articles"."id" = 1 LIMIT 1 /*action='show',application='Blog',controller='articles'*/[0m
  ↳ app/controllers/articles_controller.rb:7:in `show'
  Rendering layout layouts/application.html.erb
  Rendering articles/show.html.erb within layouts/application
  Rendered articles/show.html.erb within layouts/application (Duration: 0.2ms | GC: 0.0ms)
  Rendered layout layouts/application.html.erb (Duration: 0.9ms | GC: 0.0ms)
Completed 200 OK in 8ms (Views: 1.2ms | ActiveRecord: 0.1ms (1 query, 0 cached) | GC: 0.0ms)


Started GET "/articles/1" for 127.0.0.1 at 2024-12-10 07:59:34 -0500
  
NoMethodError (undefined method `validates' for ArticlesController:Class):
  
app/controllers/articles_controller.rb:2:in `<class:ArticlesController>'
app/controllers/articles_controller.rb:1:in `<main>'
Started GET "/favicon.ico" for 127.0.0.1 at 2024-12-10 07:59:35 -0500
  
ActionController::RoutingError (No route matches [GET] "/favicon.ico"):
  
Started GET "/articles/1" for 127.0.0.1 at 2024-12-10 08:00:14 -0500
Processing by ArticlesController#show as HTML
  Parameters: {"id"=>"1"}
  [1m[36mArticle Load (0.9ms)[0m  [1m[34mSELECT "articles".* FROM "articles" WHERE "articles"."id" = 1 LIMIT 1 /*action='show',application='Blog',controller='articles'*/[0m
  ↳ app/controllers/articles_controller.rb:7:in `show'
  Rendering layout layouts/application.html.erb
  Rendering articles/show.html.erb within layouts/application
  Rendered articles/show.html.erb within layouts/application (Duration: 0.2ms | GC: 0.0ms)
  Rendered layout layouts/application.html.erb (Duration: 2.5ms | GC: 0.0ms)
Completed 200 OK in 17ms (Views: 3.7ms | ActiveRecord: 0.8ms (1 query, 0 cached) | GC: 0.0ms)


Started GET "/new" for 127.0.0.1 at 2024-12-10 08:00:20 -0500
  
ActionController::RoutingError (No route matches [GET] "/new"):
  
Started GET "/" for 127.0.0.1 at 2024-12-10 08:00:29 -0500
Processing by ArticlesController#index as HTML
  Rendering layout layouts/application.html.erb
  Rendering articles/index.html.erb within layouts/application
  [1m[36mArticle Load (0.1ms)[0m  [1m[34mSELECT "articles".* FROM "articles" /*action='index',application='Blog',controller='articles'*/[0m
  ↳ app/views/articles/index.html.erb:3
  Rendered articles/index.html.erb within layouts/application (Duration: 1.9ms | GC: 0.0ms)
  Rendered layout layouts/application.html.erb (Duration: 4.1ms | GC: 0.0ms)
Completed 200 OK in 10ms (Views: 4.8ms | ActiveRecord: 0.1ms (1 query, 0 cached) | GC: 0.2ms)


Started GET "/articles/1" for 127.0.0.1 at 2024-12-10 08:00:31 -0500
Processing by ArticlesController#show as HTML
  Parameters: {"id"=>"1"}
  [1m[36mArticle Load (0.2ms)[0m  [1m[34mSELECT "articles".* FROM "articles" WHERE "articles"."id" = 1 LIMIT 1 /*action='show',application='Blog',controller='articles'*/[0m
  ↳ app/controllers/articles_controller.rb:7:in `show'
  Rendering layout layouts/application.html.erb
  Rendering articles/show.html.erb within layouts/application
  Rendered articles/show.html.erb within layouts/application (Duration: 0.1ms | GC: 0.0ms)
  Rendered layout layouts/application.html.erb (Duration: 0.8ms | GC: 0.0ms)
Completed 200 OK in 7ms (Views: 1.1ms | ActiveRecord: 0.1ms (1 query, 0 cached) | GC: 0.0ms)


Started GET "/articles/new" for 127.0.0.1 at 2024-12-10 08:00:33 -0500
Processing by ArticlesController#new as HTML
  Rendering layout layouts/application.html.erb
  Rendering articles/new.html.erb within layouts/application
  Rendered articles/new.html.erb within layouts/application (Duration: 17.3ms | GC: 0.2ms)
  Rendered layout layouts/application.html.erb (Duration: 17.8ms | GC: 0.2ms)
Completed 200 OK in 24ms (Views: 18.2ms | ActiveRecord: 0.0ms (0 queries, 0 cached) | GC: 0.3ms)


Started GET "/articles/" for 127.0.0.1 at 2024-12-10 08:01:41 -0500
Processing by ArticlesController#index as HTML
  Rendering layout layouts/application.html.erb
  Rendering articles/index.html.erb within layouts/application
  [1m[36mArticle Load (1.1ms)[0m  [1m[34mSELECT "articles".* FROM "articles" /*action='index',application='Blog',controller='articles'*/[0m
  ↳ app/views/articles/index.html.erb:3
  Rendered articles/index.html.erb within layouts/application (Duration: 6.9ms | GC: 0.1ms)
  Rendered layout layouts/application.html.erb (Duration: 9.7ms | GC: 0.3ms)
Completed 200 OK in 19ms (Views: 9.8ms | ActiveRecord: 1.4ms (1 query, 0 cached) | GC: 0.3ms)


Started GET "/articles/new" for 127.0.0.1 at 2024-12-10 08:01:43 -0500
Processing by ArticlesController#new as HTML
  Rendering layout layouts/application.html.erb
  Rendering articles/new.html.erb within layouts/application
  Rendered articles/new.html.erb within layouts/application (Duration: 1.8ms | GC: 0.0ms)
  Rendered layout layouts/application.html.erb (Duration: 2.4ms | GC: 0.0ms)
Completed 200 OK in 10ms (Views: 2.7ms | ActiveRecord: 0.0ms (0 queries, 0 cached) | GC: 0.0ms)


Started GET "/articles/" for 127.0.0.1 at 2024-12-10 08:14:39 -0500
Processing by ArticlesController#index as HTML
  Rendering layout layouts/application.html.erb
  Rendering articles/index.html.erb within layouts/application
  [1m[36mArticle Load (0.7ms)[0m  [1m[34mSELECT "articles".* FROM "articles" /*action='index',application='Blog',controller='articles'*/[0m
  ↳ app/views/articles/index.html.erb:3
  Rendered articles/index.html.erb within layouts/application (Duration: 3.8ms | GC: 0.0ms)
  Rendered layout layouts/application.html.erb (Duration: 6.0ms | GC: 0.0ms)
Completed 200 OK in 16ms (Views: 6.7ms | ActiveRecord: 0.7ms (1 query, 0 cached) | GC: 0.0ms)


Started GET "/articles/new" for 127.0.0.1 at 2024-12-10 08:14:40 -0500
Processing by ArticlesController#new as HTML
  Rendering layout layouts/application.html.erb
  Rendering articles/new.html.erb within layouts/application
  Rendered articles/_form.html.erb (Duration: 0.8ms | GC: 0.0ms)
  Rendered articles/new.html.erb within layouts/application (Duration: 1.2ms | GC: 0.0ms)
  Rendered layout layouts/application.html.erb (Duration: 1.5ms | GC: 0.0ms)
Completed 500 Internal Server Error in 8ms (ActiveRecord: 0.0ms (0 queries, 0 cached) | GC: 0.0ms)


  
ActionView::Template::Error (undefined method `modelL' for #<ActionView::Base:0x0000000001f798>)
Caused by: NoMethodError (undefined method `modelL' for #<ActionView::Base:0x0000000001f798>)

Information for: ActionView::Template::Error (undefined method `modelL' for #<ActionView::Base:0x0000000001f798>):
    1: <% form_with modelL article do |form| %>
    2:     <div>
    3:         <%= form.label :title %><br>
    4:         <%= form.text_field :title %>
  
app/views/articles/_form.html.erb:1
app/views/articles/new.html.erb:2

Information for cause: NoMethodError (undefined method `modelL' for #<ActionView::Base:0x0000000001f798>):
  
app/views/articles/_form.html.erb:1
app/views/articles/new.html.erb:2
Started GET "/articles/1" for 127.0.0.1 at 2024-12-10 08:14:40 -0500
Processing by ArticlesController#show as HTML
  Parameters: {"id"=>"1"}
  [1m[36mArticle Load (0.1ms)[0m  [1m[34mSELECT "articles".* FROM "articles" WHERE "articles"."id" = 1 LIMIT 1 /*action='show',application='Blog',controller='articles'*/[0m
  ↳ app/controllers/articles_controller.rb:7:in `show'
  Rendering layout layouts/application.html.erb
  Rendering articles/show.html.erb within layouts/application
  Rendered articles/show.html.erb within layouts/application (Duration: 1.3ms | GC: 0.2ms)
  Rendered layout layouts/application.html.erb (Duration: 2.6ms | GC: 0.2ms)
Completed 200 OK in 10ms (Views: 2.9ms | ActiveRecord: 0.1ms (1 query, 0 cached) | GC: 0.2ms)


Started GET "/articles/1/edit" for 127.0.0.1 at 2024-12-10 08:14:41 -0500
Processing by ArticlesController#edit as HTML
  Parameters: {"id"=>"1"}
  [1m[36mArticle Load (0.1ms)[0m  [1m[34mSELECT "articles".* FROM "articles" WHERE "articles"."id" = 1 LIMIT 1 /*action='edit',application='Blog',controller='articles'*/[0m
  ↳ app/controllers/articles_controller.rb:25:in `edit'
  Rendering layout layouts/application.html.erb
  Rendering articles/edit.html.erb within layouts/application
  Rendered articles/edit.html.erb within layouts/application (Duration: 0.5ms | GC: 0.0ms)
  Rendered layout layouts/application.html.erb (Duration: 0.7ms | GC: 0.0ms)
Completed 500 Internal Server Error in 7ms (ActiveRecord: 0.1ms (1 query, 0 cached) | GC: 0.0ms)


  
ActionView::SyntaxErrorInTemplate (Encountered a syntax error while rendering template: check <h1>Edit Article</h1>
<%= render "form" article: @article %>
)
Caused by: ActiveSupport::SyntaxErrorProxy (/home/vector/Documents/ruby-test/blog/app/views/articles/edit.html.erb:2: syntax error, unexpected local variable or method, expecting ')'
....append=( render "form" article: @article );
...                        ^~~~~~~
)

Information for: ActionView::SyntaxErrorInTemplate (Encountered a syntax error while rendering template: check <h1>Edit Article</h1>
<%= render "form" article: @article %>
):
1:    <h1>Edit Article</h1>
2:    <%= render "form" article: @article %>
  
app/views/articles/edit.html.erb:2: syntax error, unexpected local variable or method, expecting ')'

Information for cause: ActiveSupport::SyntaxErrorProxy (/home/vector/Documents/ruby-test/blog/app/views/articles/edit.html.erb:2: syntax error, unexpected local variable or method, expecting ')'
....append=( render "form" article: @article );
...                        ^~~~~~~
):
  
app/views/articles/edit.html.erb:2: syntax error, unexpected local variable or method, expecting ')'
Started GET "/articles/1/edit" for 127.0.0.1 at 2024-12-10 08:16:12 -0500
Processing by ArticlesController#edit as HTML
  Parameters: {"id"=>"1"}
  [1m[36mArticle Load (0.1ms)[0m  [1m[34mSELECT "articles".* FROM "articles" WHERE "articles"."id" = 1 LIMIT 1 /*action='edit',application='Blog',controller='articles'*/[0m
  ↳ app/controllers/articles_controller.rb:25:in `edit'
  Rendering layout layouts/application.html.erb
  Rendering articles/edit.html.erb within layouts/application
  Rendered articles/edit.html.erb within layouts/application (Duration: 0.2ms | GC: 0.0ms)
  Rendered layout layouts/application.html.erb (Duration: 1.8ms | GC: 0.0ms)
Completed 200 OK in 13ms (Views: 2.5ms | ActiveRecord: 0.7ms (1 query, 0 cached) | GC: 0.1ms)


Started GET "/articles/1" for 127.0.0.1 at 2024-12-10 08:16:34 -0500
Processing by ArticlesController#show as HTML
  Parameters: {"id"=>"1"}
  [1m[36mArticle Load (0.2ms)[0m  [1m[34mSELECT "articles".* FROM "articles" WHERE "articles"."id" = 1 LIMIT 1 /*action='show',application='Blog',controller='articles'*/[0m
  ↳ app/controllers/articles_controller.rb:7:in `show'
  Rendering layout layouts/application.html.erb
  Rendering articles/show.html.erb within layouts/application
  Rendered articles/show.html.erb within layouts/application (Duration: 1.0ms | GC: 0.1ms)
  Rendered layout layouts/application.html.erb (Duration: 2.8ms | GC: 0.1ms)
Completed 200 OK in 79ms (Views: 3.4ms | ActiveRecord: 0.2ms (1 query, 0 cached) | GC: 0.1ms)


Started GET "/articles/1" for 127.0.0.1 at 2024-12-10 08:16:35 -0500
Processing by ArticlesController#show as HTML
  Parameters: {"id"=>"1"}
  [1m[36mArticle Load (0.1ms)[0m  [1m[34mSELECT "articles".* FROM "articles" WHERE "articles"."id" = 1 LIMIT 1 /*action='show',application='Blog',controller='articles'*/[0m
  ↳ app/controllers/articles_controller.rb:7:in `show'
  Rendering layout layouts/application.html.erb
  Rendering articles/show.html.erb within layouts/application
  Rendered articles/show.html.erb within layouts/application (Duration: 0.4ms | GC: 0.0ms)
  Rendered layout layouts/application.html.erb (Duration: 2.2ms | GC: 0.0ms)
Completed 200 OK in 10ms (Views: 2.7ms | ActiveRecord: 0.1ms (1 query, 0 cached) | GC: 0.0ms)


Started GET "/articles" for 127.0.0.1 at 2024-12-10 08:16:38 -0500
Processing by ArticlesController#index as HTML
  Rendering layout layouts/application.html.erb
  Rendering articles/index.html.erb within layouts/application
  [1m[36mArticle Load (0.2ms)[0m  [1m[34mSELECT "articles".* FROM "articles" /*action='index',application='Blog',controller='articles'*/[0m
  ↳ app/views/articles/index.html.erb:3
  Rendered articles/index.html.erb within layouts/application (Duration: 10.6ms | GC: 7.2ms)
  Rendered layout layouts/application.html.erb (Duration: 12.0ms | GC: 7.2ms)
Completed 200 OK in 19ms (Views: 12.9ms | ActiveRecord: 0.2ms (1 query, 0 cached) | GC: 7.2ms)


Started GET "/articles/new" for 127.0.0.1 at 2024-12-10 08:16:39 -0500
Processing by ArticlesController#new as HTML
  Rendering layout layouts/application.html.erb
  Rendering articles/new.html.erb within layouts/application
  Rendered articles/_form.html.erb (Duration: 0.8ms | GC: 0.0ms)
  Rendered articles/new.html.erb within layouts/application (Duration: 1.9ms | GC: 0.4ms)
  Rendered layout layouts/application.html.erb (Duration: 2.2ms | GC: 0.4ms)
Completed 500 Internal Server Error in 11ms (ActiveRecord: 0.0ms (0 queries, 0 cached) | GC: 0.4ms)


  
ActionView::Template::Error (undefined method `modelL' for #<ActionView::Base:0x00000000023b68>)
Caused by: NoMethodError (undefined method `modelL' for #<ActionView::Base:0x00000000023b68>)

Information for: ActionView::Template::Error (undefined method `modelL' for #<ActionView::Base:0x00000000023b68>):
    1: <% form_with modelL article do |form| %>
    2:     <div>
    3:         <%= form.label :title %><br>
    4:         <%= form.text_field :title %>
  
app/views/articles/_form.html.erb:1
app/views/articles/new.html.erb:2

Information for cause: NoMethodError (undefined method `modelL' for #<ActionView::Base:0x00000000023b68>):
  
app/views/articles/_form.html.erb:1
app/views/articles/new.html.erb:2
Started GET "/articles/new" for 127.0.0.1 at 2024-12-10 08:16:52 -0500
Processing by ArticlesController#new as HTML
  Rendering layout layouts/application.html.erb
  Rendering articles/new.html.erb within layouts/application
  Rendered articles/_form.html.erb (Duration: 0.5ms | GC: 0.0ms)
  Rendered articles/new.html.erb within layouts/application (Duration: 0.9ms | GC: 0.0ms)
  Rendered layout layouts/application.html.erb (Duration: 1.1ms | GC: 0.0ms)
Completed 500 Internal Server Error in 14ms (ActiveRecord: 0.7ms (0 queries, 0 cached) | GC: 0.6ms)


  
ActionView::Template::Error (undefined method `model' for #<ActionView::Base:0x000000000279c0>)
Caused by: NoMethodError (undefined method `model' for #<ActionView::Base:0x000000000279c0>)

Information for: ActionView::Template::Error (undefined method `model' for #<ActionView::Base:0x000000000279c0>):
    1: <% form_with model article do |form| %>
    2:     <div>
    3:         <%= form.label :title %><br>
    4:         <%= form.text_field :title %>
  
app/views/articles/_form.html.erb:1
app/views/articles/new.html.erb:2

Information for cause: NoMethodError (undefined method `model' for #<ActionView::Base:0x000000000279c0>):
  
app/views/articles/_form.html.erb:1
app/views/articles/new.html.erb:2
Started GET "/articles/new" for 127.0.0.1 at 2024-12-10 08:17:21 -0500
Processing by ArticlesController#new as HTML
  Rendering layout layouts/application.html.erb
  Rendering articles/new.html.erb within layouts/application
  Rendered articles/_form.html.erb (Duration: 0.7ms | GC: 0.1ms)
  Rendered articles/new.html.erb within layouts/application (Duration: 1.4ms | GC: 0.1ms)
  Rendered layout layouts/application.html.erb (Duration: 1.7ms | GC: 0.1ms)
Completed 500 Internal Server Error in 15ms (ActiveRecord: 1.3ms (0 queries, 0 cached) | GC: 0.5ms)


  
ActionView::Template::Error (undefined method `model' for #<ActionView::Base:0x0000000002b7f0>)
Caused by: NoMethodError (undefined method `model' for #<ActionView::Base:0x0000000002b7f0>)

Information for: ActionView::Template::Error (undefined method `model' for #<ActionView::Base:0x0000000002b7f0>):
    1: <%= form_with model article do |form| %>
    2:     <div>
    3:         <%= form.label :title %><br>
    4:         <%= form.text_field :title %>
  
app/views/articles/_form.html.erb:1
app/views/articles/new.html.erb:2

Information for cause: NoMethodError (undefined method `model' for #<ActionView::Base:0x0000000002b7f0>):
  
app/views/articles/_form.html.erb:1
app/views/articles/new.html.erb:2
Started GET "/articles/new" for 127.0.0.1 at 2024-12-10 08:17:41 -0500
Processing by ArticlesController#new as HTML
  Rendering layout layouts/application.html.erb
  Rendering articles/new.html.erb within layouts/application
  Rendered articles/_form.html.erb (Duration: 1.3ms | GC: 0.0ms)
  Rendered articles/new.html.erb within layouts/application (Duration: 1.7ms | GC: 0.0ms)
  Rendered layout layouts/application.html.erb (Duration: 3.8ms | GC: 0.2ms)
Completed 200 OK in 16ms (Views: 5.2ms | ActiveRecord: 0.7ms (0 queries, 0 cached) | GC: 0.7ms)


Started GET "/articles" for 127.0.0.1 at 2024-12-10 08:17:43 -0500
Processing by ArticlesController#index as HTML
  Rendering layout layouts/application.html.erb
  Rendering articles/index.html.erb within layouts/application
  [1m[36mArticle Load (0.1ms)[0m  [1m[34mSELECT "articles".* FROM "articles" /*action='index',application='Blog',controller='articles'*/[0m
  ↳ app/views/articles/index.html.erb:3
  Rendered articles/index.html.erb within layouts/application (Duration: 1.8ms | GC: 0.0ms)
  Rendered layout layouts/application.html.erb (Duration: 3.6ms | GC: 0.0ms)
Completed 200 OK in 10ms (Views: 3.9ms | ActiveRecord: 0.1ms (1 query, 0 cached) | GC: 0.2ms)


Started GET "/articles/new" for 127.0.0.1 at 2024-12-10 08:17:44 -0500
Processing by ArticlesController#new as HTML
  Rendering layout layouts/application.html.erb
  Rendering articles/new.html.erb within layouts/application
  Rendered articles/_form.html.erb (Duration: 1.0ms | GC: 0.0ms)
  Rendered articles/new.html.erb within layouts/application (Duration: 1.2ms | GC: 0.0ms)
  Rendered layout layouts/application.html.erb (Duration: 1.9ms | GC: 0.1ms)
Completed 200 OK in 7ms (Views: 2.2ms | ActiveRecord: 0.0ms (0 queries, 0 cached) | GC: 0.1ms)


Started GET "/articles/1" for 127.0.0.1 at 2024-12-10 08:17:44 -0500
Processing by ArticlesController#show as HTML
  Parameters: {"id"=>"1"}
  [1m[36mArticle Load (0.1ms)[0m  [1m[34mSELECT "articles".* FROM "articles" WHERE "articles"."id" = 1 LIMIT 1 /*action='show',application='Blog',controller='articles'*/[0m
  ↳ app/controllers/articles_controller.rb:7:in `show'
  Rendering layout layouts/application.html.erb
  Rendering articles/show.html.erb within layouts/application
  Rendered articles/show.html.erb within layouts/application (Duration: 0.7ms | GC: 0.1ms)
  Rendered layout layouts/application.html.erb (Duration: 1.9ms | GC: 0.1ms)
Completed 200 OK in 9ms (Views: 2.3ms | ActiveRecord: 0.1ms (1 query, 0 cached) | GC: 0.1ms)


Started GET "/articles/1/edit" for 127.0.0.1 at 2024-12-10 08:17:45 -0500
Processing by ArticlesController#edit as HTML
  Parameters: {"id"=>"1"}
  [1m[36mArticle Load (0.1ms)[0m  [1m[34mSELECT "articles".* FROM "articles" WHERE "articles"."id" = 1 LIMIT 1 /*action='edit',application='Blog',controller='articles'*/[0m
  ↳ app/controllers/articles_controller.rb:25:in `edit'
  Rendering layout layouts/application.html.erb
  Rendering articles/edit.html.erb within layouts/application
  Rendered articles/edit.html.erb within layouts/application (Duration: 0.6ms | GC: 0.0ms)
  Rendered layout layouts/application.html.erb (Duration: 0.8ms | GC: 0.0ms)
Completed 500 Internal Server Error in 9ms (ActiveRecord: 0.1ms (1 query, 0 cached) | GC: 0.2ms)


  
ActionView::SyntaxErrorInTemplate (Encountered a syntax error while rendering template: check <h1>Edit Article</h1>
<%= render "form" article: @article %>
)
Caused by: ActiveSupport::SyntaxErrorProxy (/home/vector/Documents/ruby-test/blog/app/views/articles/edit.html.erb:2: syntax error, unexpected local variable or method, expecting ')'
....append=( render "form" article: @article );
...                        ^~~~~~~
)

Information for: ActionView::SyntaxErrorInTemplate (Encountered a syntax error while rendering template: check <h1>Edit Article</h1>
<%= render "form" article: @article %>
):
1:    <h1>Edit Article</h1>
2:    <%= render "form" article: @article %>
  
app/views/articles/edit.html.erb:2: syntax error, unexpected local variable or method, expecting ')'

Information for cause: ActiveSupport::SyntaxErrorProxy (/home/vector/Documents/ruby-test/blog/app/views/articles/edit.html.erb:2: syntax error, unexpected local variable or method, expecting ')'
....append=( render "form" article: @article );
...                        ^~~~~~~
):
  
app/views/articles/edit.html.erb:2: syntax error, unexpected local variable or method, expecting ')'
Started GET "/articles/1" for 127.0.0.1 at 2024-12-10 08:17:58 -0500
Processing by ArticlesController#show as HTML
  Parameters: {"id"=>"1"}
  [1m[36mArticle Load (0.2ms)[0m  [1m[34mSELECT "articles".* FROM "articles" WHERE "articles"."id" = 1 LIMIT 1 /*action='show',application='Blog',controller='articles'*/[0m
  ↳ app/controllers/articles_controller.rb:7:in `show'
  Rendering layout layouts/application.html.erb
  Rendering articles/show.html.erb within layouts/application
  Rendered articles/show.html.erb within layouts/application (Duration: 0.2ms | GC: 0.0ms)
  Rendered layout layouts/application.html.erb (Duration: 1.1ms | GC: 0.0ms)
Completed 200 OK in 11ms (Views: 1.5ms | ActiveRecord: 0.2ms (1 query, 0 cached) | GC: 0.0ms)


Started GET "/articles/1/edit" for 127.0.0.1 at 2024-12-10 08:25:44 -0500
Processing by ArticlesController#edit as HTML
  Parameters: {"id"=>"1"}
  [1m[36mArticle Load (1.1ms)[0m  [1m[34mSELECT "articles".* FROM "articles" WHERE "articles"."id" = 1 LIMIT 1 /*action='edit',application='Blog',controller='articles'*/[0m
  ↳ app/controllers/articles_controller.rb:25:in `edit'
  Rendering layout layouts/application.html.erb
  Rendering articles/edit.html.erb within layouts/application
  Rendered articles/edit.html.erb within layouts/application (Duration: 0.6ms | GC: 0.0ms)
  Rendered layout layouts/application.html.erb (Duration: 0.9ms | GC: 0.0ms)
Completed 500 Internal Server Error in 9ms (ActiveRecord: 1.1ms (1 query, 0 cached) | GC: 0.1ms)


  
ActionView::SyntaxErrorInTemplate (Encountered a syntax error while rendering template: check <h1>Edit Article</h1>
<%= render "form" article: @article %>
)
Caused by: ActiveSupport::SyntaxErrorProxy (/home/vector/Documents/ruby-test/blog/app/views/articles/edit.html.erb:2: syntax error, unexpected local variable or method, expecting ')'
....append=( render "form" article: @article );
...                        ^~~~~~~
)

Information for: ActionView::SyntaxErrorInTemplate (Encountered a syntax error while rendering template: check <h1>Edit Article</h1>
<%= render "form" article: @article %>
):
1:    <h1>Edit Article</h1>
2:    <%= render "form" article: @article %>
  
app/views/articles/edit.html.erb:2: syntax error, unexpected local variable or method, expecting ')'

Information for cause: ActiveSupport::SyntaxErrorProxy (/home/vector/Documents/ruby-test/blog/app/views/articles/edit.html.erb:2: syntax error, unexpected local variable or method, expecting ')'
....append=( render "form" article: @article );
...                        ^~~~~~~
):
  
app/views/articles/edit.html.erb:2: syntax error, unexpected local variable or method, expecting ')'
Started GET "/articles/1/edit" for 127.0.0.1 at 2024-12-10 08:26:07 -0500
Processing by ArticlesController#edit as HTML
  Parameters: {"id"=>"1"}
  [1m[36mArticle Load (0.1ms)[0m  [1m[34mSELECT "articles".* FROM "articles" WHERE "articles"."id" = 1 LIMIT 1 /*action='edit',application='Blog',controller='articles'*/[0m
  ↳ app/controllers/articles_controller.rb:25:in `edit'
  Rendering layout layouts/application.html.erb
  Rendering articles/edit.html.erb within layouts/application
  Rendered articles/_form.html.erb (Duration: 1.9ms | GC: 0.0ms)
  Rendered articles/edit.html.erb within layouts/application (Duration: 2.5ms | GC: 0.0ms)
  Rendered layout layouts/application.html.erb (Duration: 4.4ms | GC: 0.0ms)
Completed 200 OK in 19ms (Views: 5.6ms | ActiveRecord: 1.3ms (1 query, 0 cached) | GC: 0.2ms)


Started PATCH "/articles/1" for 127.0.0.1 at 2024-12-10 08:26:16 -0500
Processing by ArticlesController#update as TURBO_STREAM
  Parameters: {"authenticity_token"=>"[FILTERED]", "article"=>{"title"=>"Hello Rails", "body"=>"I'm on Rails!!!"}, "commit"=>"Update Article", "id"=>"1"}
  [1m[36mArticle Load (0.1ms)[0m  [1m[34mSELECT "articles".* FROM "articles" WHERE "articles"."id" = 1 LIMIT 1 /*action='update',application='Blog',controller='articles'*/[0m
  ↳ app/controllers/articles_controller.rb:29:in `update'
  [1m[36mTRANSACTION (0.0ms)[0m  [1m[35mBEGIN immediate TRANSACTION /*action='update',application='Blog',controller='articles'*/[0m
  ↳ app/controllers/articles_controller.rb:31:in `update'
  [1m[36mArticle Update (0.7ms)[0m  [1m[33mUPDATE "articles" SET "body" = 'I''m on Rails!!!', "updated_at" = '2024-12-10 13:26:16.089947' WHERE "articles"."id" = 1 /*action='update',application='Blog',controller='articles'*/[0m
  ↳ app/controllers/articles_controller.rb:31:in `update'
  [1m[36mTRANSACTION (1.1ms)[0m  [1m[35mCOMMIT TRANSACTION /*action='update',application='Blog',controller='articles'*/[0m
  ↳ app/controllers/articles_controller.rb:31:in `update'
Redirected to http://localhost:3000/articles/1
Completed 302 Found in 12ms (ActiveRecord: 1.9ms (2 queries, 0 cached) | GC: 0.1ms)


Started GET "/articles/1" for 127.0.0.1 at 2024-12-10 08:26:16 -0500
Processing by ArticlesController#show as TURBO_STREAM
  Parameters: {"id"=>"1"}
  [1m[36mArticle Load (0.1ms)[0m  [1m[34mSELECT "articles".* FROM "articles" WHERE "articles"."id" = 1 LIMIT 1 /*action='show',application='Blog',controller='articles'*/[0m
  ↳ app/controllers/articles_controller.rb:7:in `show'
  Rendering layout layouts/application.html.erb
  Rendering articles/show.html.erb within layouts/application
  Rendered articles/show.html.erb within layouts/application (Duration: 0.4ms | GC: 0.0ms)
  Rendered layout layouts/application.html.erb (Duration: 1.2ms | GC: 0.0ms)
Completed 200 OK in 8ms (Views: 1.5ms | ActiveRecord: 0.1ms (1 query, 0 cached) | GC: 0.0ms)


Started GET "/articles/1/edit" for 127.0.0.1 at 2024-12-10 08:26:16 -0500
Processing by ArticlesController#edit as HTML
  Parameters: {"id"=>"1"}
  [1m[36mArticle Load (0.1ms)[0m  [1m[34mSELECT "articles".* FROM "articles" WHERE "articles"."id" = 1 LIMIT 1 /*action='edit',application='Blog',controller='articles'*/[0m
  ↳ app/controllers/articles_controller.rb:25:in `edit'
  Rendering layout layouts/application.html.erb
  Rendering articles/edit.html.erb within layouts/application
  Rendered articles/_form.html.erb (Duration: 1.4ms | GC: 0.0ms)
  Rendered articles/edit.html.erb within layouts/application (Duration: 1.6ms | GC: 0.0ms)
  Rendered layout layouts/application.html.erb (Duration: 2.0ms | GC: 0.0ms)
Completed 200 OK in 9ms (Views: 2.3ms | ActiveRecord: 0.1ms (1 query, 0 cached) | GC: 0.0ms)


Started GET "/articles/1/edit" for 127.0.0.1 at 2024-12-10 08:26:17 -0500
Processing by ArticlesController#edit as HTML
  Parameters: {"id"=>"1"}
  [1m[36mArticle Load (0.1ms)[0m  [1m[34mSELECT "articles".* FROM "articles" WHERE "articles"."id" = 1 LIMIT 1 /*action='edit',application='Blog',controller='articles'*/[0m
  ↳ app/controllers/articles_controller.rb:25:in `edit'
  Rendering layout layouts/application.html.erb
  Rendering articles/edit.html.erb within layouts/application
  Rendered articles/_form.html.erb (Duration: 1.0ms | GC: 0.0ms)
  Rendered articles/edit.html.erb within layouts/application (Duration: 1.2ms | GC: 0.0ms)
  Rendered layout layouts/application.html.erb (Duration: 1.6ms | GC: 0.0ms)
Completed 200 OK in 8ms (Views: 1.9ms | ActiveRecord: 0.1ms (1 query, 0 cached) | GC: 0.0ms)


Started GET "/articles/1/edit" for 127.0.0.1 at 2024-12-10 08:26:19 -0500
Processing by ArticlesController#edit as HTML
  Parameters: {"id"=>"1"}
  [1m[36mArticle Load (0.1ms)[0m  [1m[34mSELECT "articles".* FROM "articles" WHERE "articles"."id" = 1 LIMIT 1 /*action='edit',application='Blog',controller='articles'*/[0m
  ↳ app/controllers/articles_controller.rb:25:in `edit'
  Rendering layout layouts/application.html.erb
  Rendering articles/edit.html.erb within layouts/application
  Rendered articles/_form.html.erb (Duration: 1.0ms | GC: 0.0ms)
  Rendered articles/edit.html.erb within layouts/application (Duration: 1.1ms | GC: 0.0ms)
  Rendered layout layouts/application.html.erb (Duration: 1.5ms | GC: 0.0ms)
Completed 200 OK in 8ms (Views: 1.8ms | ActiveRecord: 0.1ms (1 query, 0 cached) | GC: 0.0ms)


Started GET "/articles/" for 127.0.0.1 at 2024-12-10 08:26:21 -0500
Processing by ArticlesController#index as HTML
  Rendering layout layouts/application.html.erb
  Rendering articles/index.html.erb within layouts/application
  [1m[36mArticle Load (0.3ms)[0m  [1m[34mSELECT "articles".* FROM "articles" /*action='index',application='Blog',controller='articles'*/[0m
  ↳ app/views/articles/index.html.erb:3
  Rendered articles/index.html.erb within layouts/application (Duration: 2.8ms | GC: 0.0ms)
  Rendered layout layouts/application.html.erb (Duration: 4.0ms | GC: 0.0ms)
Completed 200 OK in 11ms (Views: 4.3ms | ActiveRecord: 0.3ms (1 query, 0 cached) | GC: 0.0ms)


Started GET "/articles/new" for 127.0.0.1 at 2024-12-10 08:26:23 -0500
Processing by ArticlesController#new as HTML
  Rendering layout layouts/application.html.erb
  Rendering articles/new.html.erb within layouts/application
  Rendered articles/_form.html.erb (Duration: 1.0ms | GC: 0.0ms)
  Rendered articles/new.html.erb within layouts/application (Duration: 1.5ms | GC: 0.0ms)
  Rendered layout layouts/application.html.erb (Duration: 2.2ms | GC: 0.3ms)
Completed 200 OK in 9ms (Views: 2.5ms | ActiveRecord: 0.0ms (0 queries, 0 cached) | GC: 0.3ms)


Started POST "/articles" for 127.0.0.1 at 2024-12-10 08:26:31 -0500
Processing by ArticlesController#create as TURBO_STREAM
  Parameters: {"authenticity_token"=>"[FILTERED]", "article"=>{"title"=>"Hello", "body"=>"My Ruby"}, "commit"=>"Create Article"}
  Rendering layout layouts/application.html.erb
  Rendering articles/new.html.erb within layouts/application
  Rendered articles/_form.html.erb (Duration: 1.9ms | GC: 0.0ms)
  Rendered articles/new.html.erb within layouts/application (Duration: 3.2ms | GC: 0.6ms)
  Rendered layout layouts/application.html.erb (Duration: 4.0ms | GC: 0.6ms)
Completed 422 Unprocessable Content in 11ms (Views: 4.5ms | ActiveRecord: 0.0ms (0 queries, 0 cached) | GC: 0.6ms)


Started POST "/articles" for 127.0.0.1 at 2024-12-10 08:26:41 -0500
Processing by ArticlesController#create as TURBO_STREAM
  Parameters: {"authenticity_token"=>"[FILTERED]", "article"=>{"title"=>"Hello...", "body"=>"This is my ruby"}, "commit"=>"Create Article"}
  Rendering layout layouts/application.html.erb
  Rendering articles/new.html.erb within layouts/application
  Rendered articles/_form.html.erb (Duration: 1.6ms | GC: 0.1ms)
  Rendered articles/new.html.erb within layouts/application (Duration: 1.8ms | GC: 0.1ms)
  Rendered layout layouts/application.html.erb (Duration: 2.9ms | GC: 0.1ms)
Completed 422 Unprocessable Content in 10ms (Views: 3.4ms | ActiveRecord: 0.0ms (0 queries, 0 cached) | GC: 0.1ms)


Started POST "/articles" for 127.0.0.1 at 2024-12-10 08:26:51 -0500
Processing by ArticlesController#create as TURBO_STREAM
  Parameters: {"authenticity_token"=>"[FILTERED]", "article"=>{"title"=>"Hi", "body"=>"This is my ruby text"}, "commit"=>"Create Article"}
  Rendering layout layouts/application.html.erb
  Rendering articles/new.html.erb within layouts/application
  Rendered articles/_form.html.erb (Duration: 1.4ms | GC: 0.1ms)
  Rendered articles/new.html.erb within layouts/application (Duration: 1.5ms | GC: 0.1ms)
  Rendered layout layouts/application.html.erb (Duration: 2.0ms | GC: 0.1ms)
Completed 422 Unprocessable Content in 8ms (Views: 2.3ms | ActiveRecord: 0.0ms (0 queries, 0 cached) | GC: 0.1ms)


Started GET "/articles" for 127.0.0.1 at 2024-12-10 08:27:03 -0500
Processing by ArticlesController#index as HTML
  Rendering layout layouts/application.html.erb
  Rendering articles/index.html.erb within layouts/application
  [1m[36mArticle Load (0.1ms)[0m  [1m[34mSELECT "articles".* FROM "articles" /*action='index',application='Blog',controller='articles'*/[0m
  ↳ app/views/articles/index.html.erb:3
  Rendered articles/index.html.erb within layouts/application (Duration: 2.0ms | GC: 0.2ms)
  Rendered layout layouts/application.html.erb (Duration: 3.4ms | GC: 0.2ms)
Completed 200 OK in 11ms (Views: 3.9ms | ActiveRecord: 0.1ms (1 query, 0 cached) | GC: 0.2ms)


Started GET "/articles/new" for 127.0.0.1 at 2024-12-10 08:27:04 -0500
Processing by ArticlesController#new as HTML
  Rendering layout layouts/application.html.erb
  Rendering articles/new.html.erb within layouts/application
  Rendered articles/_form.html.erb (Duration: 1.5ms | GC: 0.2ms)
  Rendered articles/new.html.erb within layouts/application (Duration: 1.7ms | GC: 0.2ms)
  Rendered layout layouts/application.html.erb (Duration: 2.2ms | GC: 0.2ms)
Completed 200 OK in 8ms (Views: 2.5ms | ActiveRecord: 0.0ms (0 queries, 0 cached) | GC: 0.2ms)


Started GET "/articles/new" for 127.0.0.1 at 2024-12-10 08:27:05 -0500
Processing by ArticlesController#new as HTML
  Rendering layout layouts/application.html.erb
  Rendering articles/new.html.erb within layouts/application
  Rendered articles/_form.html.erb (Duration: 1.5ms | GC: 0.1ms)
  Rendered articles/new.html.erb within layouts/application (Duration: 1.8ms | GC: 0.1ms)
  Rendered layout layouts/application.html.erb (Duration: 2.4ms | GC: 0.1ms)
Completed 200 OK in 8ms (Views: 2.7ms | ActiveRecord: 0.0ms (0 queries, 0 cached) | GC: 0.1ms)


Started GET "/articles/new" for 127.0.0.1 at 2024-12-10 08:27:46 -0500
Processing by ArticlesController#new as HTML
  Rendering layout layouts/application.html.erb
  Rendering articles/new.html.erb within layouts/application
  Rendered articles/_form.html.erb (Duration: 13.3ms | GC: 9.8ms)
  Rendered articles/new.html.erb within layouts/application (Duration: 16.0ms | GC: 11.5ms)
  Rendered layout layouts/application.html.erb (Duration: 33.9ms | GC: 26.9ms)
Completed 200 OK in 81ms (Views: 39.4ms | ActiveRecord: 3.0ms (0 queries, 0 cached) | GC: 49.9ms)


Started POST "/articles" for 127.0.0.1 at 2024-12-10 08:27:54 -0500
Processing by ArticlesController#create as TURBO_STREAM
  Parameters: {"authenticity_token"=>"[FILTERED]", "article"=>{"title"=>"Hi", "body"=>"This is my ruby article"}, "commit"=>"Create Article"}
  Rendering layout layouts/application.html.erb
  Rendering articles/new.html.erb within layouts/application
  Rendered articles/_form.html.erb (Duration: 1.8ms | GC: 0.5ms)
  Rendered articles/new.html.erb within layouts/application (Duration: 2.0ms | GC: 0.5ms)
  Rendered layout layouts/application.html.erb (Duration: 2.6ms | GC: 0.5ms)
Completed 422 Unprocessable Content in 10ms (Views: 2.9ms | ActiveRecord: 0.0ms (0 queries, 0 cached) | GC: 0.5ms)


Started GET "/articles/new" for 127.0.0.1 at 2024-12-10 08:27:58 -0500
Processing by ArticlesController#new as HTML
  Rendering layout layouts/application.html.erb
  Rendering articles/new.html.erb within layouts/application
  Rendered articles/_form.html.erb (Duration: 1.0ms | GC: 0.0ms)
  Rendered articles/new.html.erb within layouts/application (Duration: 1.3ms | GC: 0.0ms)
  Rendered layout layouts/application.html.erb (Duration: 1.8ms | GC: 0.0ms)
Completed 200 OK in 7ms (Views: 2.1ms | ActiveRecord: 0.0ms (0 queries, 0 cached) | GC: 0.0ms)


Started GET "/articles/new" for 127.0.0.1 at 2024-12-10 08:28:00 -0500
Processing by ArticlesController#new as HTML
  Rendering layout layouts/application.html.erb
  Rendering articles/new.html.erb within layouts/application
  Rendered articles/_form.html.erb (Duration: 1.3ms | GC: 0.0ms)
  Rendered articles/new.html.erb within layouts/application (Duration: 2.1ms | GC: 0.0ms)
  Rendered layout layouts/application.html.erb (Duration: 2.7ms | GC: 0.0ms)
Completed 200 OK in 8ms (Views: 3.1ms | ActiveRecord: 0.0ms (0 queries, 0 cached) | GC: 0.0ms)


Started POST "/articles" for 127.0.0.1 at 2024-12-10 08:28:01 -0500
Processing by ArticlesController#create as TURBO_STREAM
  Parameters: {"authenticity_token"=>"[FILTERED]", "article"=>{"title"=>"Hi", "body"=>"This is my ruby article"}, "commit"=>"Create Article"}
  Rendering layout layouts/application.html.erb
  Rendering articles/new.html.erb within layouts/application
  Rendered articles/_form.html.erb (Duration: 1.6ms | GC: 0.3ms)
  Rendered articles/new.html.erb within layouts/application (Duration: 1.8ms | GC: 0.3ms)
  Rendered layout layouts/application.html.erb (Duration: 2.4ms | GC: 0.3ms)
Completed 422 Unprocessable Content in 9ms (Views: 2.6ms | ActiveRecord: 0.0ms (0 queries, 0 cached) | GC: 0.3ms)


Started GET "/articles/new" for 127.0.0.1 at 2024-12-10 08:28:03 -0500
Processing by ArticlesController#new as HTML
  Rendering layout layouts/application.html.erb
  Rendering articles/new.html.erb within layouts/application
  Rendered articles/_form.html.erb (Duration: 1.1ms | GC: 0.0ms)
  Rendered articles/new.html.erb within layouts/application (Duration: 1.3ms | GC: 0.0ms)
  Rendered layout layouts/application.html.erb (Duration: 1.8ms | GC: 0.0ms)
Completed 200 OK in 8ms (Views: 2.4ms | ActiveRecord: 0.0ms (0 queries, 0 cached) | GC: 0.2ms)


Started GET "/articles" for 127.0.0.1 at 2024-12-10 08:28:04 -0500
Processing by ArticlesController#index as HTML
  Rendering layout layouts/application.html.erb
  Rendering articles/index.html.erb within layouts/application
  [1m[36mArticle Load (0.1ms)[0m  [1m[34mSELECT "articles".* FROM "articles" /*action='index',application='Blog',controller='articles'*/[0m
  ↳ app/views/articles/index.html.erb:3
  Rendered articles/index.html.erb within layouts/application (Duration: 1.7ms | GC: 0.0ms)
  Rendered layout layouts/application.html.erb (Duration: 2.6ms | GC: 0.0ms)
Completed 200 OK in 10ms (Views: 3.0ms | ActiveRecord: 0.1ms (1 query, 0 cached) | GC: 0.4ms)


Started GET "/articles/new" for 127.0.0.1 at 2024-12-10 08:28:05 -0500
Processing by ArticlesController#new as HTML
  Rendering layout layouts/application.html.erb
  Rendering articles/new.html.erb within layouts/application
  Rendered articles/_form.html.erb (Duration: 1.2ms | GC: 0.3ms)
  Rendered articles/new.html.erb within layouts/application (Duration: 1.6ms | GC: 0.3ms)
  Rendered layout layouts/application.html.erb (Duration: 2.1ms | GC: 0.3ms)
Completed 200 OK in 8ms (Views: 2.4ms | ActiveRecord: 0.0ms (0 queries, 0 cached) | GC: 0.3ms)


Started GET "/articles" for 127.0.0.1 at 2024-12-10 08:30:46 -0500
Processing by ArticlesController#index as HTML
  Rendering layout layouts/application.html.erb
  Rendering articles/index.html.erb within layouts/application
  [1m[36mArticle Load (0.6ms)[0m  [1m[34mSELECT "articles".* FROM "articles" /*action='index',application='Blog',controller='articles'*/[0m
  ↳ app/views/articles/index.html.erb:3
  Rendered articles/index.html.erb within layouts/application (Duration: 5.7ms | GC: 0.5ms)
  Rendered layout layouts/application.html.erb (Duration: 8.8ms | GC: 0.5ms)
Completed 200 OK in 18ms (Views: 8.9ms | ActiveRecord: 0.9ms (1 query, 0 cached) | GC: 0.5ms)


Started GET "/articles/1" for 127.0.0.1 at 2024-12-10 08:30:48 -0500
Processing by ArticlesController#show as HTML
  Parameters: {"id"=>"1"}
  [1m[36mArticle Load (0.1ms)[0m  [1m[34mSELECT "articles".* FROM "articles" WHERE "articles"."id" = 1 LIMIT 1 /*action='show',application='Blog',controller='articles'*/[0m
  ↳ app/controllers/articles_controller.rb:7:in `show'
  Rendering layout layouts/application.html.erb
  Rendering articles/show.html.erb within layouts/application
  Rendered articles/show.html.erb within layouts/application (Duration: 0.4ms | GC: 0.0ms)
  Rendered layout layouts/application.html.erb (Duration: 1.1ms | GC: 0.0ms)
Completed 200 OK in 8ms (Views: 1.5ms | ActiveRecord: 0.1ms (1 query, 0 cached) | GC: 0.0ms)


Started GET "/articles/1" for 127.0.0.1 at 2024-12-10 08:30:49 -0500
Processing by ArticlesController#show as HTML
  Parameters: {"id"=>"1"}
  [1m[36mArticle Load (0.1ms)[0m  [1m[34mSELECT "articles".* FROM "articles" WHERE "articles"."id" = 1 LIMIT 1 /*action='show',application='Blog',controller='articles'*/[0m
  ↳ app/controllers/articles_controller.rb:7:in `show'
  Rendering layout layouts/application.html.erb
  Rendering articles/show.html.erb within layouts/application
  Rendered articles/show.html.erb within layouts/application (Duration: 0.2ms | GC: 0.0ms)
  Rendered layout layouts/application.html.erb (Duration: 1.3ms | GC: 0.3ms)
Completed 200 OK in 8ms (Views: 1.6ms | ActiveRecord: 0.1ms (1 query, 0 cached) | GC: 0.3ms)


Started GET "/articles/1" for 127.0.0.1 at 2024-12-10 08:30:52 -0500
Processing by ArticlesController#show as HTML
  Parameters: {"id"=>"1"}
  [1m[36mArticle Load (0.1ms)[0m  [1m[34mSELECT "articles".* FROM "articles" WHERE "articles"."id" = 1 LIMIT 1 /*action='show',application='Blog',controller='articles'*/[0m
  ↳ app/controllers/articles_controller.rb:7:in `show'
  Rendering layout layouts/application.html.erb
  Rendering articles/show.html.erb within layouts/application
  Rendered articles/show.html.erb within layouts/application (Duration: 0.3ms | GC: 0.0ms)
  Rendered layout layouts/application.html.erb (Duration: 1.2ms | GC: 0.0ms)
Completed 200 OK in 9ms (Views: 1.6ms | ActiveRecord: 0.1ms (1 query, 0 cached) | GC: 0.0ms)


Started GET "/articles" for 127.0.0.1 at 2024-12-10 08:30:54 -0500
Processing by ArticlesController#index as HTML
  Rendering layout layouts/application.html.erb
  Rendering articles/index.html.erb within layouts/application
  [1m[36mArticle Load (0.2ms)[0m  [1m[34mSELECT "articles".* FROM "articles" /*action='index',application='Blog',controller='articles'*/[0m
  ↳ app/views/articles/index.html.erb:3
  Rendered articles/index.html.erb within layouts/application (Duration: 1.4ms | GC: 0.0ms)
  Rendered layout layouts/application.html.erb (Duration: 2.4ms | GC: 0.0ms)
Completed 200 OK in 8ms (Views: 2.5ms | ActiveRecord: 0.2ms (1 query, 0 cached) | GC: 0.0ms)


Started GET "/articles" for 127.0.0.1 at 2024-12-10 08:30:54 -0500
Processing by ArticlesController#index as HTML
  Rendering layout layouts/application.html.erb
  Rendering articles/index.html.erb within layouts/application
  [1m[36mArticle Load (0.3ms)[0m  [1m[34mSELECT "articles".* FROM "articles" /*action='index',application='Blog',controller='articles'*/[0m
  ↳ app/views/articles/index.html.erb:3
  Rendered articles/index.html.erb within layouts/application (Duration: 1.7ms | GC: 0.0ms)
  Rendered layout layouts/application.html.erb (Duration: 2.7ms | GC: 0.0ms)
Completed 200 OK in 9ms (Views: 2.8ms | ActiveRecord: 0.3ms (1 query, 0 cached) | GC: 0.0ms)


Started GET "/articles/new" for 127.0.0.1 at 2024-12-10 08:30:56 -0500
Processing by ArticlesController#new as HTML
  Rendering layout layouts/application.html.erb
  Rendering articles/new.html.erb within layouts/application
  Rendered articles/_form.html.erb (Duration: 1.3ms | GC: 0.0ms)
  Rendered articles/new.html.erb within layouts/application (Duration: 1.9ms | GC: 0.0ms)
  Rendered layout layouts/application.html.erb (Duration: 2.5ms | GC: 0.0ms)
Completed 200 OK in 8ms (Views: 2.7ms | ActiveRecord: 0.0ms (0 queries, 0 cached) | GC: 0.0ms)


Started GET "/articles/1" for 127.0.0.1 at 2024-12-10 08:30:56 -0500
Processing by ArticlesController#show as HTML
  Parameters: {"id"=>"1"}
  [1m[36mArticle Load (0.1ms)[0m  [1m[34mSELECT "articles".* FROM "articles" WHERE "articles"."id" = 1 LIMIT 1 /*action='show',application='Blog',controller='articles'*/[0m
  ↳ app/controllers/articles_controller.rb:7:in `show'
  Rendering layout layouts/application.html.erb
  Rendering articles/show.html.erb within layouts/application
  Rendered articles/show.html.erb within layouts/application (Duration: 0.2ms | GC: 0.0ms)
  Rendered layout layouts/application.html.erb (Duration: 1.0ms | GC: 0.0ms)
Completed 200 OK in 8ms (Views: 1.2ms | ActiveRecord: 0.1ms (1 query, 0 cached) | GC: 0.0ms)


Started GET "/articles/1" for 127.0.0.1 at 2024-12-10 08:30:57 -0500
Processing by ArticlesController#show as HTML
  Parameters: {"id"=>"1"}
  [1m[36mArticle Load (0.2ms)[0m  [1m[34mSELECT "articles".* FROM "articles" WHERE "articles"."id" = 1 LIMIT 1 /*action='show',application='Blog',controller='articles'*/[0m
  ↳ app/controllers/articles_controller.rb:7:in `show'
  Rendering layout layouts/application.html.erb
  Rendering articles/show.html.erb within layouts/application
  Rendered articles/show.html.erb within layouts/application (Duration: 0.3ms | GC: 0.0ms)
  Rendered layout layouts/application.html.erb (Duration: 1.3ms | GC: 0.0ms)
Completed 200 OK in 9ms (Views: 1.7ms | ActiveRecord: 0.1ms (1 query, 0 cached) | GC: 0.0ms)


Started GET "/articles/1" for 127.0.0.1 at 2024-12-10 08:30:57 -0500
Processing by ArticlesController#show as HTML
  Parameters: {"id"=>"1"}
  [1m[36mArticle Load (0.1ms)[0m  [1m[34mSELECT "articles".* FROM "articles" WHERE "articles"."id" = 1 LIMIT 1 /*action='show',application='Blog',controller='articles'*/[0m
  ↳ app/controllers/articles_controller.rb:7:in `show'
  Rendering layout layouts/application.html.erb
  Rendering articles/show.html.erb within layouts/application
  Rendered articles/show.html.erb within layouts/application (Duration: 0.5ms | GC: 0.0ms)
  Rendered layout layouts/application.html.erb (Duration: 1.6ms | GC: 0.0ms)
Completed 200 OK in 10ms (Views: 2.1ms | ActiveRecord: 0.1ms (1 query, 0 cached) | GC: 0.0ms)


Started GET "/articles/1" for 127.0.0.1 at 2024-12-10 08:31:09 -0500
Processing by ArticlesController#show as HTML
  Parameters: {"id"=>"1"}
  [1m[36mArticle Load (0.1ms)[0m  [1m[34mSELECT "articles".* FROM "articles" WHERE "articles"."id" = 1 LIMIT 1 /*action='show',application='Blog',controller='articles'*/[0m
  ↳ app/controllers/articles_controller.rb:7:in `show'
  Rendering layout layouts/application.html.erb
  Rendering articles/show.html.erb within layouts/application
  Rendered articles/show.html.erb within layouts/application (Duration: 0.2ms | GC: 0.0ms)
  Rendered layout layouts/application.html.erb (Duration: 1.2ms | GC: 0.0ms)
Completed 200 OK in 9ms (Views: 1.5ms | ActiveRecord: 0.1ms (1 query, 0 cached) | GC: 0.0ms)


Started GET "/articles/1" for 127.0.0.1 at 2024-12-10 08:31:10 -0500
Processing by ArticlesController#show as HTML
  Parameters: {"id"=>"1"}
  [1m[36mArticle Load (0.1ms)[0m  [1m[34mSELECT "articles".* FROM "articles" WHERE "articles"."id" = 1 LIMIT 1 /*action='show',application='Blog',controller='articles'*/[0m
  ↳ app/controllers/articles_controller.rb:7:in `show'
  Rendering layout layouts/application.html.erb
  Rendering articles/show.html.erb within layouts/application
  Rendered articles/show.html.erb within layouts/application (Duration: 0.2ms | GC: 0.0ms)
  Rendered layout layouts/application.html.erb (Duration: 0.9ms | GC: 0.0ms)
Completed 200 OK in 7ms (Views: 1.2ms | ActiveRecord: 0.1ms (1 query, 0 cached) | GC: 0.0ms)


Started GET "/articles/1" for 127.0.0.1 at 2024-12-10 08:31:10 -0500
Processing by ArticlesController#show as HTML
  Parameters: {"id"=>"1"}
  [1m[36mArticle Load (0.2ms)[0m  [1m[34mSELECT "articles".* FROM "articles" WHERE "articles"."id" = 1 LIMIT 1 /*action='show',application='Blog',controller='articles'*/[0m
  ↳ app/controllers/articles_controller.rb:7:in `show'
  Rendering layout layouts/application.html.erb
  Rendering articles/show.html.erb within layouts/application
  Rendered articles/show.html.erb within layouts/application (Duration: 0.6ms | GC: 0.0ms)
  Rendered layout layouts/application.html.erb (Duration: 2.1ms | GC: 0.0ms)
Completed 200 OK in 12ms (Views: 3.3ms | ActiveRecord: 0.2ms (1 query, 0 cached) | GC: 0.0ms)


Started GET "/articles/1" for 127.0.0.1 at 2024-12-10 08:31:10 -0500
Processing by ArticlesController#show as HTML
  Parameters: {"id"=>"1"}
  [1m[36mArticle Load (0.2ms)[0m  [1m[34mSELECT "articles".* FROM "articles" WHERE "articles"."id" = 1 LIMIT 1 /*action='show',application='Blog',controller='articles'*/[0m
  ↳ app/controllers/articles_controller.rb:7:in `show'
  Rendering layout layouts/application.html.erb
  Rendering articles/show.html.erb within layouts/application
  Rendered articles/show.html.erb within layouts/application (Duration: 0.6ms | GC: 0.0ms)
  Rendered layout layouts/application.html.erb (Duration: 2.4ms | GC: 0.0ms)
Completed 200 OK in 12ms (Views: 3.2ms | ActiveRecord: 0.2ms (1 query, 0 cached) | GC: 0.0ms)


Started GET "/articles/1" for 127.0.0.1 at 2024-12-10 08:31:11 -0500
Processing by ArticlesController#show as HTML
  Parameters: {"id"=>"1"}
  [1m[36mArticle Load (0.1ms)[0m  [1m[34mSELECT "articles".* FROM "articles" WHERE "articles"."id" = 1 LIMIT 1 /*action='show',application='Blog',controller='articles'*/[0m
  ↳ app/controllers/articles_controller.rb:7:in `show'
  Rendering layout layouts/application.html.erb
  Rendering articles/show.html.erb within layouts/application
  Rendered articles/show.html.erb within layouts/application (Duration: 0.5ms | GC: 0.0ms)
  Rendered layout layouts/application.html.erb (Duration: 2.5ms | GC: 0.0ms)
Completed 200 OK in 13ms (Views: 3.3ms | ActiveRecord: 0.1ms (1 query, 0 cached) | GC: 0.0ms)


Started GET "/articles/1" for 127.0.0.1 at 2024-12-10 08:31:11 -0500
Processing by ArticlesController#show as HTML
  Parameters: {"id"=>"1"}
  [1m[36mArticle Load (0.2ms)[0m  [1m[34mSELECT "articles".* FROM "articles" WHERE "articles"."id" = 1 LIMIT 1 /*action='show',application='Blog',controller='articles'*/[0m
  ↳ app/controllers/articles_controller.rb:7:in `show'
  Rendering layout layouts/application.html.erb
  Rendering articles/show.html.erb within layouts/application
  Rendered articles/show.html.erb within layouts/application (Duration: 0.3ms | GC: 0.0ms)
  Rendered layout layouts/application.html.erb (Duration: 1.5ms | GC: 0.0ms)
Completed 200 OK in 10ms (Views: 1.8ms | ActiveRecord: 0.1ms (1 query, 0 cached) | GC: 0.0ms)


Started GET "/articles/1" for 127.0.0.1 at 2024-12-10 08:31:11 -0500
Processing by ArticlesController#show as HTML
  Parameters: {"id"=>"1"}
  [1m[36mArticle Load (0.1ms)[0m  [1m[34mSELECT "articles".* FROM "articles" WHERE "articles"."id" = 1 LIMIT 1 /*action='show',application='Blog',controller='articles'*/[0m
  ↳ app/controllers/articles_controller.rb:7:in `show'
  Rendering layout layouts/application.html.erb
  Rendering articles/show.html.erb within layouts/application
  Rendered articles/show.html.erb within layouts/application (Duration: 0.2ms | GC: 0.0ms)
  Rendered layout layouts/application.html.erb (Duration: 0.9ms | GC: 0.0ms)
Completed 200 OK in 7ms (Views: 1.2ms | ActiveRecord: 0.1ms (1 query, 0 cached) | GC: 0.0ms)


Started GET "/articles/1" for 127.0.0.1 at 2024-12-10 08:31:12 -0500
Processing by ArticlesController#show as HTML
  Parameters: {"id"=>"1"}
  [1m[36mArticle Load (0.1ms)[0m  [1m[34mSELECT "articles".* FROM "articles" WHERE "articles"."id" = 1 LIMIT 1 /*action='show',application='Blog',controller='articles'*/[0m
  ↳ app/controllers/articles_controller.rb:7:in `show'
  Rendering layout layouts/application.html.erb
  Rendering articles/show.html.erb within layouts/application
  Rendered articles/show.html.erb within layouts/application (Duration: 0.2ms | GC: 0.0ms)
  Rendered layout layouts/application.html.erb (Duration: 0.9ms | GC: 0.0ms)
Completed 200 OK in 8ms (Views: 1.2ms | ActiveRecord: 0.1ms (1 query, 0 cached) | GC: 0.3ms)


Started GET "/articles/1" for 127.0.0.1 at 2024-12-10 08:33:42 -0500
Processing by ArticlesController#show as HTML
  Parameters: {"id"=>"1"}
  [1m[36mArticle Load (0.2ms)[0m  [1m[34mSELECT "articles".* FROM "articles" WHERE "articles"."id" = 1 LIMIT 1 /*action='show',application='Blog',controller='articles'*/[0m
  ↳ app/controllers/articles_controller.rb:7:in `show'
  Rendering layout layouts/application.html.erb
  Rendering articles/show.html.erb within layouts/application
  Rendered articles/show.html.erb within layouts/application (Duration: 0.7ms | GC: 0.0ms)
  Rendered layout layouts/application.html.erb (Duration: 2.9ms | GC: 0.3ms)
Completed 200 OK in 19ms (Views: 4.8ms | ActiveRecord: 1.0ms (1 query, 0 cached) | GC: 1.6ms)


Started GET "/articles/1" for 127.0.0.1 at 2024-12-10 08:33:43 -0500
Processing by ArticlesController#show as HTML
  Parameters: {"id"=>"1"}
  [1m[36mArticle Load (0.1ms)[0m  [1m[34mSELECT "articles".* FROM "articles" WHERE "articles"."id" = 1 LIMIT 1 /*action='show',application='Blog',controller='articles'*/[0m
  ↳ app/controllers/articles_controller.rb:7:in `show'
  Rendering layout layouts/application.html.erb
  Rendering articles/show.html.erb within layouts/application
  Rendered articles/show.html.erb within layouts/application (Duration: 0.3ms | GC: 0.0ms)
  Rendered layout layouts/application.html.erb (Duration: 1.7ms | GC: 0.4ms)
Completed 200 OK in 11ms (Views: 2.1ms | ActiveRecord: 0.1ms (1 query, 0 cached) | GC: 0.4ms)


Started GET "/articles" for 127.0.0.1 at 2024-12-10 08:33:45 -0500
Processing by ArticlesController#index as HTML
  Rendering layout layouts/application.html.erb
  Rendering articles/index.html.erb within layouts/application
  [1m[36mArticle Load (0.1ms)[0m  [1m[34mSELECT "articles".* FROM "articles" /*action='index',application='Blog',controller='articles'*/[0m
  ↳ app/views/articles/index.html.erb:3
  Rendered articles/index.html.erb within layouts/application (Duration: 1.8ms | GC: 0.0ms)
  Rendered layout layouts/application.html.erb (Duration: 3.2ms | GC: 0.0ms)
Completed 200 OK in 10ms (Views: 3.8ms | ActiveRecord: 0.1ms (1 query, 0 cached) | GC: 0.0ms)


Started GET "/articles/new" for 127.0.0.1 at 2024-12-10 08:33:46 -0500
Processing by ArticlesController#new as HTML
  Rendering layout layouts/application.html.erb
  Rendering articles/new.html.erb within layouts/application
  Rendered articles/_form.html.erb (Duration: 1.3ms | GC: 0.0ms)
  Rendered articles/new.html.erb within layouts/application (Duration: 1.8ms | GC: 0.0ms)
  Rendered layout layouts/application.html.erb (Duration: 2.3ms | GC: 0.0ms)
Completed 200 OK in 9ms (Views: 2.6ms | ActiveRecord: 0.0ms (0 queries, 0 cached) | GC: 0.0ms)


Started POST "/articles" for 127.0.0.1 at 2024-12-10 08:33:48 -0500
Processing by ArticlesController#create as TURBO_STREAM
  Parameters: {"authenticity_token"=>"[FILTERED]", "article"=>{"title"=>"ddd", "body"=>"sdfsdf"}, "commit"=>"Create Article"}
  Rendering layout layouts/application.html.erb
  Rendering articles/new.html.erb within layouts/application
  Rendered articles/_form.html.erb (Duration: 1.4ms | GC: 0.0ms)
  Rendered articles/new.html.erb within layouts/application (Duration: 1.8ms | GC: 0.0ms)
  Rendered layout layouts/application.html.erb (Duration: 3.0ms | GC: 0.0ms)
Completed 422 Unprocessable Content in 10ms (Views: 3.4ms | ActiveRecord: 0.0ms (0 queries, 0 cached) | GC: 0.0ms)


Started POST "/articles" for 127.0.0.1 at 2024-12-10 08:33:53 -0500
Processing by ArticlesController#create as TURBO_STREAM
  Parameters: {"authenticity_token"=>"[FILTERED]", "article"=>{"title"=>"asdfasdfasdf", "body"=>"asdfasdfasdfasdf"}, "commit"=>"Create Article"}
  Rendering layout layouts/application.html.erb
  Rendering articles/new.html.erb within layouts/application
  Rendered articles/_form.html.erb (Duration: 1.3ms | GC: 0.0ms)
  Rendered articles/new.html.erb within layouts/application (Duration: 1.6ms | GC: 0.0ms)
  Rendered layout layouts/application.html.erb (Duration: 2.4ms | GC: 0.0ms)
Completed 422 Unprocessable Content in 9ms (Views: 2.9ms | ActiveRecord: 0.0ms (0 queries, 0 cached) | GC: 0.0ms)


Started POST "/articles" for 127.0.0.1 at 2024-12-10 08:34:27 -0500
Processing by ArticlesController#create as TURBO_STREAM
  Parameters: {"authenticity_token"=>"[FILTERED]", "article"=>{"title"=>"asdfasdf", "body"=>"asdfasdfasdfasdf"}, "commit"=>"Create Article"}
  Rendering layout layouts/application.html.erb
  Rendering articles/new.html.erb within layouts/application
  Rendered articles/_form.html.erb (Duration: 1.2ms | GC: 0.0ms)
  Rendered articles/new.html.erb within layouts/application (Duration: 1.7ms | GC: 0.0ms)
  Rendered layout layouts/application.html.erb (Duration: 2.5ms | GC: 0.0ms)
Completed 422 Unprocessable Content in 9ms (Views: 3.0ms | ActiveRecord: 0.0ms (0 queries, 0 cached) | GC: 0.0ms)


Started GET "/articles/new" for 127.0.0.1 at 2024-12-10 08:36:00 -0500
Processing by ArticlesController#new as HTML
  Rendering layout layouts/application.html.erb
  Rendering articles/new.html.erb within layouts/application
  Rendered articles/_form.html.erb (Duration: 2.7ms | GC: 0.3ms)
  Rendered articles/new.html.erb within layouts/application (Duration: 3.2ms | GC: 0.3ms)
  Rendered layout layouts/application.html.erb (Duration: 4.9ms | GC: 0.3ms)
Completed 200 OK in 16ms (Views: 6.0ms | ActiveRecord: 0.6ms (0 queries, 0 cached) | GC: 0.7ms)


Started POST "/articles" for 127.0.0.1 at 2024-12-10 08:36:03 -0500
Processing by ArticlesController#create as TURBO_STREAM
  Parameters: {"authenticity_token"=>"[FILTERED]", "article"=>{"title"=>"Hi", "body"=>"This is my ruby article"}, "commit"=>"Create Article"}
  Rendering layout layouts/application.html.erb
  Rendering articles/new.html.erb within layouts/application
  Rendered articles/_form.html.erb (Duration: 1.3ms | GC: 0.1ms)
  Rendered articles/new.html.erb within layouts/application (Duration: 1.5ms | GC: 0.1ms)
  Rendered layout layouts/application.html.erb (Duration: 2.0ms | GC: 0.1ms)
Completed 422 Unprocessable Content in 8ms (Views: 2.3ms | ActiveRecord: 0.0ms (0 queries, 0 cached) | GC: 0.1ms)


Started GET "/articles/new" for 127.0.0.1 at 2024-12-10 08:37:01 -0500
Processing by ArticlesController#new as HTML
  Rendering layout layouts/application.html.erb
  Rendering articles/new.html.erb within layouts/application
  Rendered articles/_form.html.erb (Duration: 3.2ms | GC: 0.0ms)
  Rendered articles/new.html.erb within layouts/application (Duration: 4.8ms | GC: 0.0ms)
  Rendered layout layouts/application.html.erb (Duration: 6.9ms | GC: 0.0ms)
Completed 200 OK in 29ms (Views: 11.8ms | ActiveRecord: 1.1ms (0 queries, 0 cached) | GC: 0.0ms)


Started POST "/articles" for 127.0.0.1 at 2024-12-10 08:37:02 -0500
Processing by ArticlesController#create as TURBO_STREAM
  Parameters: {"authenticity_token"=>"[FILTERED]", "article"=>{"title"=>"Hi", "body"=>"This is my ruby article"}, "commit"=>"Create Article"}
  [1m[36mTRANSACTION (0.1ms)[0m  [1m[35mBEGIN immediate TRANSACTION /*action='create',application='Blog',controller='articles'*/[0m
  ↳ app/controllers/articles_controller.rb:17:in `create'
  [1m[36mArticle Create (0.9ms)[0m  [1m[32mINSERT INTO "articles" ("title", "body", "created_at", "updated_at") VALUES ('Hi', 'This is my ruby article', '2024-12-10 13:37:02.549224', '2024-12-10 13:37:02.549224') RETURNING "id" /*action='create',application='Blog',controller='articles'*/[0m
  ↳ app/controllers/articles_controller.rb:17:in `create'
  [1m[36mTRANSACTION (0.8ms)[0m  [1m[35mCOMMIT TRANSACTION /*action='create',application='Blog',controller='articles'*/[0m
  ↳ app/controllers/articles_controller.rb:17:in `create'
Redirected to http://localhost:3000/articles/2
Completed 302 Found in 14ms (ActiveRecord: 1.8ms (1 query, 0 cached) | GC: 3.3ms)


Started GET "/articles/2" for 127.0.0.1 at 2024-12-10 08:37:02 -0500
Processing by ArticlesController#show as TURBO_STREAM
  Parameters: {"id"=>"2"}
  [1m[36mArticle Load (0.1ms)[0m  [1m[34mSELECT "articles".* FROM "articles" WHERE "articles"."id" = 2 LIMIT 1 /*action='show',application='Blog',controller='articles'*/[0m
  ↳ app/controllers/articles_controller.rb:7:in `show'
  Rendering layout layouts/application.html.erb
  Rendering articles/show.html.erb within layouts/application
  Rendered articles/show.html.erb within layouts/application (Duration: 0.8ms | GC: 0.3ms)
  Rendered layout layouts/application.html.erb (Duration: 1.5ms | GC: 0.3ms)
Completed 200 OK in 8ms (Views: 1.8ms | ActiveRecord: 0.1ms (1 query, 0 cached) | GC: 0.3ms)


Started GET "/articles/" for 127.0.0.1 at 2024-12-10 08:37:08 -0500
Processing by ArticlesController#index as HTML
  Rendering layout layouts/application.html.erb
  Rendering articles/index.html.erb within layouts/application
  [1m[36mArticle Load (0.1ms)[0m  [1m[34mSELECT "articles".* FROM "articles" /*action='index',application='Blog',controller='articles'*/[0m
  ↳ app/views/articles/index.html.erb:3
  Rendered articles/index.html.erb within layouts/application (Duration: 2.7ms | GC: 0.4ms)
  Rendered layout layouts/application.html.erb (Duration: 4.9ms | GC: 0.4ms)
Completed 200 OK in 12ms (Views: 5.5ms | ActiveRecord: 0.1ms (1 query, 0 cached) | GC: 0.4ms)


Started GET "/articles/1" for 127.0.0.1 at 2024-12-10 08:37:10 -0500
Processing by ArticlesController#show as HTML
  Parameters: {"id"=>"1"}
  [1m[36mArticle Load (0.1ms)[0m  [1m[34mSELECT "articles".* FROM "articles" WHERE "articles"."id" = 1 LIMIT 1 /*action='show',application='Blog',controller='articles'*/[0m
  ↳ app/controllers/articles_controller.rb:7:in `show'
  Rendering layout layouts/application.html.erb
  Rendering articles/show.html.erb within layouts/application
  Rendered articles/show.html.erb within layouts/application (Duration: 0.2ms | GC: 0.0ms)
  Rendered layout layouts/application.html.erb (Duration: 2.0ms | GC: 0.0ms)
Completed 200 OK in 9ms (Views: 2.3ms | ActiveRecord: 0.1ms (1 query, 0 cached) | GC: 0.3ms)


Started GET "/articles/1" for 127.0.0.1 at 2024-12-10 08:37:11 -0500
Processing by ArticlesController#show as HTML
  Parameters: {"id"=>"1"}
  [1m[36mArticle Load (0.1ms)[0m  [1m[34mSELECT "articles".* FROM "articles" WHERE "articles"."id" = 1 LIMIT 1 /*action='show',application='Blog',controller='articles'*/[0m
  ↳ app/controllers/articles_controller.rb:7:in `show'
  Rendering layout layouts/application.html.erb
  Rendering articles/show.html.erb within layouts/application
  Rendered articles/show.html.erb within layouts/application (Duration: 0.2ms | GC: 0.0ms)
  Rendered layout layouts/application.html.erb (Duration: 1.0ms | GC: 0.0ms)
Completed 200 OK in 8ms (Views: 1.3ms | ActiveRecord: 0.1ms (1 query, 0 cached) | GC: 0.2ms)


Started GET "/articles" for 127.0.0.1 at 2024-12-10 08:37:20 -0500
Processing by ArticlesController#index as HTML
  Rendering layout layouts/application.html.erb
  Rendering articles/index.html.erb within layouts/application
  [1m[36mArticle Load (0.3ms)[0m  [1m[34mSELECT "articles".* FROM "articles" /*action='index',application='Blog',controller='articles'*/[0m
  ↳ app/views/articles/index.html.erb:3
  Rendered articles/index.html.erb within layouts/application (Duration: 1.6ms | GC: 0.1ms)
  Rendered layout layouts/application.html.erb (Duration: 2.7ms | GC: 0.1ms)
Completed 200 OK in 9ms (Views: 3.0ms | ActiveRecord: 0.2ms (1 query, 0 cached) | GC: 0.1ms)


  [1m[36mActiveRecord::SchemaMigration Load (0.1ms)[0m  [1m[34mSELECT "schema_migrations"."version" FROM "schema_migrations" ORDER BY "schema_migrations"."version" ASC /*application='Blog'*/[0m
  [1m[36mCACHE ActiveRecord::SchemaMigration Load (0.0ms)[0m  [1m[34mSELECT "schema_migrations"."version" FROM "schema_migrations" ORDER BY "schema_migrations"."version" ASC[0m
  [1m[36mActiveRecord::InternalMetadata Load (0.1ms)[0m  [1m[34mSELECT * FROM "ar_internal_metadata" WHERE "ar_internal_metadata"."key" = 'environment' ORDER BY "ar_internal_metadata"."key" ASC LIMIT 1 /*application='Blog'*/[0m
  [1m[36mActiveRecord::SchemaMigration Load (0.1ms)[0m  [1m[34mSELECT "schema_migrations"."version" FROM "schema_migrations" ORDER BY "schema_migrations"."version" ASC /*application='Blog'*/[0m
Migrating to CreateComments (20241210135005)
  [1m[36mTRANSACTION (0.0ms)[0m  [1m[35mBEGIN immediate TRANSACTION /*application='Blog'*/[0m
  [1m[35m (0.8ms)[0m  [1m[35mCREATE TABLE "comments" ("id" integer PRIMARY KEY AUTOINCREMENT NOT NULL, "commenter" varchar, "body" text, "article_id" integer NOT NULL, "created_at" datetime(6) NOT NULL, "updated_at" datetime(6) NOT NULL, CONSTRAINT "fk_rails_3bf61a60d3"
FOREIGN KEY ("article_id")
  REFERENCES "articles" ("id")
) /*application='Blog'*/[0m
  [1m[35m (0.1ms)[0m  [1m[35mCREATE INDEX "index_comments_on_article_id" ON "comments" ("article_id") /*application='Blog'*/[0m
  [1m[36mActiveRecord::SchemaMigration Create (0.1ms)[0m  [1m[32mINSERT INTO "schema_migrations" ("version") VALUES ('20241210135005') RETURNING "version" /*application='Blog'*/[0m
  [1m[36mTRANSACTION (0.8ms)[0m  [1m[35mCOMMIT TRANSACTION /*application='Blog'*/[0m
  [1m[36mActiveRecord::SchemaMigration Load (0.0ms)[0m  [1m[34mSELECT "schema_migrations"."version" FROM "schema_migrations" ORDER BY "schema_migrations"."version" ASC /*application='Blog'*/[0m
Started GET "/articles" for 127.0.0.1 at 2024-12-10 09:03:55 -0500
  [1m[36mActiveRecord::SchemaMigration Load (0.1ms)[0m  [1m[34mSELECT "schema_migrations"."version" FROM "schema_migrations" ORDER BY "schema_migrations"."version" ASC /*application='Blog'*/[0m
Processing by ArticlesController#index as HTML
  Rendering layout layouts/application.html.erb
  Rendering articles/index.html.erb within layouts/application
  [1m[36mArticle Load (0.9ms)[0m  [1m[34mSELECT "articles".* FROM "articles" /*action='index',application='Blog',controller='articles'*/[0m
  ↳ app/views/articles/index.html.erb:3
  Rendered articles/index.html.erb within layouts/application (Duration: 12.9ms | GC: 0.0ms)
  Rendered layout layouts/application.html.erb (Duration: 41.7ms | GC: 0.0ms)
Completed 200 OK in 115ms (Views: 44.1ms | ActiveRecord: 1.4ms (1 query, 0 cached) | GC: 0.0ms)


Started GET "/assets/controllers/index-ee64e1f1.js" for 127.0.0.1 at 2024-12-10 09:03:55 -0500
Started GET "/articles/new" for 127.0.0.1 at 2024-12-10 09:03:56 -0500
Processing by ArticlesController#new as HTML
  Rendering layout layouts/application.html.erb
  Rendering articles/new.html.erb within layouts/application
  Rendered articles/_form.html.erb (Duration: 6.9ms | GC: 0.0ms)
  Rendered articles/new.html.erb within layouts/application (Duration: 7.7ms | GC: 0.0ms)
  Rendered layout layouts/application.html.erb (Duration: 8.5ms | GC: 0.0ms)
Completed 200 OK in 15ms (Views: 8.8ms | ActiveRecord: 0.0ms (0 queries, 0 cached) | GC: 0.0ms)


Started GET "/articles/new" for 127.0.0.1 at 2024-12-10 09:03:57 -0500
Processing by ArticlesController#new as HTML
  Rendering layout layouts/application.html.erb
  Rendering articles/new.html.erb within layouts/application
  Rendered articles/_form.html.erb (Duration: 0.9ms | GC: 0.0ms)
  Rendered articles/new.html.erb within layouts/application (Duration: 1.1ms | GC: 0.0ms)
  Rendered layout layouts/application.html.erb (Duration: 1.8ms | GC: 0.0ms)
Completed 200 OK in 7ms (Views: 2.0ms | ActiveRecord: 0.0ms (0 queries, 0 cached) | GC: 0.0ms)


Started GET "/articles/2" for 127.0.0.1 at 2024-12-10 09:03:59 -0500
Processing by ArticlesController#show as HTML
  Parameters: {"id"=>"2"}
  [1m[36mArticle Load (0.1ms)[0m  [1m[34mSELECT "articles".* FROM "articles" WHERE "articles"."id" = 2 LIMIT 1 /*action='show',application='Blog',controller='articles'*/[0m
  ↳ app/controllers/articles_controller.rb:7:in `show'
  Rendering layout layouts/application.html.erb
  Rendering articles/show.html.erb within layouts/application
  Rendered articles/show.html.erb within layouts/application (Duration: 1.9ms | GC: 0.0ms)
  Rendered layout layouts/application.html.erb (Duration: 2.2ms | GC: 0.0ms)
Completed 500 Internal Server Error in 10ms (ActiveRecord: 0.1ms (1 query, 0 cached) | GC: 0.0ms)


  
ActionView::Template::Error (undefined method `comments' for #<Article id: 2, title: "Hi", body: "This is my ruby article", created_at: "2024-12-10 13:37:02.549224000 +0000", updated_at: "2024-12-10 13:37:02.549224000 +0000">)
Caused by: NoMethodError (undefined method `comments' for #<Article id: 2, title: "Hi", body: "This is my ruby article", created_at: "2024-12-10 13:37:02.549224000 +0000", updated_at: "2024-12-10 13:37:02.549224000 +0000">)

Information for: ActionView::Template::Error (undefined method `comments' for #<Article id: 2, title: "Hi", body: "This is my ruby article", created_at: "2024-12-10 13:37:02.549224000 +0000", updated_at: "2024-12-10 13:37:02.549224000 +0000">):
     9: </ul>
    10: 
    11: <h2>Comments</h2>
    12: <% @article.comments.each do |comment| %>
    13:     <p>
    14:         <strong>Commenters:</strong>
    15:         <%= comment.commenter %>
  
app/views/articles/show.html.erb:12

Information for cause: NoMethodError (undefined method `comments' for #<Article id: 2, title: "Hi", body: "This is my ruby article", created_at: "2024-12-10 13:37:02.549224000 +0000", updated_at: "2024-12-10 13:37:02.549224000 +0000">):
  
app/views/articles/show.html.erb:12
Started GET "/articles/1" for 127.0.0.1 at 2024-12-10 09:03:59 -0500
Processing by ArticlesController#show as HTML
  Parameters: {"id"=>"1"}
  [1m[36mArticle Load (0.2ms)[0m  [1m[34mSELECT "articles".* FROM "articles" WHERE "articles"."id" = 1 LIMIT 1 /*action='show',application='Blog',controller='articles'*/[0m
  ↳ app/controllers/articles_controller.rb:7:in `show'
  Rendering layout layouts/application.html.erb
  Rendering articles/show.html.erb within layouts/application
  Rendered articles/show.html.erb within layouts/application (Duration: 1.7ms | GC: 0.0ms)
  Rendered layout layouts/application.html.erb (Duration: 5.3ms | GC: 0.0ms)
Completed 500 Internal Server Error in 71ms (ActiveRecord: 0.2ms (1 query, 0 cached) | GC: 5.5ms)


  
ActionView::Template::Error (undefined method `comments' for #<Article id: 1, title: "Hello Rails", body: "I'm on Rails!!!", created_at: "2024-12-10 11:11:32.007349000 +0000", updated_at: "2024-12-10 13:26:16.089947000 +0000">)
Caused by: NoMethodError (undefined method `comments' for #<Article id: 1, title: "Hello Rails", body: "I'm on Rails!!!", created_at: "2024-12-10 11:11:32.007349000 +0000", updated_at: "2024-12-10 13:26:16.089947000 +0000">)

Information for: ActionView::Template::Error (undefined method `comments' for #<Article id: 1, title: "Hello Rails", body: "I'm on Rails!!!", created_at: "2024-12-10 11:11:32.007349000 +0000", updated_at: "2024-12-10 13:26:16.089947000 +0000">):
     9: </ul>
    10: 
    11: <h2>Comments</h2>
    12: <% @article.comments.each do |comment| %>
    13:     <p>
    14:         <strong>Commenters:</strong>
    15:         <%= comment.commenter %>
  
app/views/articles/show.html.erb:12

Information for cause: NoMethodError (undefined method `comments' for #<Article id: 1, title: "Hello Rails", body: "I'm on Rails!!!", created_at: "2024-12-10 11:11:32.007349000 +0000", updated_at: "2024-12-10 13:26:16.089947000 +0000">):
  
app/views/articles/show.html.erb:12
Started GET "/articles/1" for 127.0.0.1 at 2024-12-10 09:05:34 -0500
Processing by ArticlesController#show as HTML
  Parameters: {"id"=>"1"}
  [1m[36mArticle Load (0.1ms)[0m  [1m[34mSELECT "articles".* FROM "articles" WHERE "articles"."id" = 1 LIMIT 1 /*action='show',application='Blog',controller='articles'*/[0m
  ↳ app/controllers/articles_controller.rb:7:in `show'
  Rendering layout layouts/application.html.erb
  Rendering articles/show.html.erb within layouts/application
  [1m[36mComment Load (0.1ms)[0m  [1m[34mSELECT "comments".* FROM "comments" WHERE "comments"."article_id" = 1 /*action='show',application='Blog',controller='articles'*/[0m
  ↳ app/views/articles/show.html.erb:12
  Rendered articles/show.html.erb within layouts/application (Duration: 21.4ms | GC: 0.0ms)
  Rendered layout layouts/application.html.erb (Duration: 23.7ms | GC: 0.0ms)
Completed 200 OK in 40ms (Views: 24.0ms | ActiveRecord: 1.5ms (2 queries, 0 cached) | GC: 0.2ms)


Started POST "/articles/1/comments" for 127.0.0.1 at 2024-12-10 09:05:55 -0500
Processing by CommentsController#create as TURBO_STREAM
  Parameters: {"authenticity_token"=>"[FILTERED]", "comment"=>{"commenter"=>"Nice", "body"=>"Nice comment functionality"}, "commit"=>"Create Comment", "article_id"=>"1"}
  [1m[36mArticle Load (0.1ms)[0m  [1m[34mSELECT "articles".* FROM "articles" WHERE "articles"."id" = 1 LIMIT 1 /*action='create',application='Blog',controller='comments'*/[0m
  ↳ app/controllers/comments_controller.rb:3:in `create'
  [1m[36mTRANSACTION (0.1ms)[0m  [1m[35mBEGIN immediate TRANSACTION /*action='create',application='Blog',controller='comments'*/[0m
  ↳ app/controllers/comments_controller.rb:4:in `create'
  [1m[36mComment Create (0.9ms)[0m  [1m[32mINSERT INTO "comments" ("commenter", "body", "article_id", "created_at", "updated_at") VALUES ('Nice', 'Nice comment functionality', 1, '2024-12-10 14:05:55.404228', '2024-12-10 14:05:55.404228') RETURNING "id" /*action='create',application='Blog',controller='comments'*/[0m
  ↳ app/controllers/comments_controller.rb:4:in `create'
  [1m[36mTRANSACTION (1.6ms)[0m  [1m[35mCOMMIT TRANSACTION /*action='create',application='Blog',controller='comments'*/[0m
  ↳ app/controllers/comments_controller.rb:4:in `create'
Redirected to http://localhost:3000/articles/1
Completed 302 Found in 13ms (ActiveRecord: 2.7ms (2 queries, 0 cached) | GC: 0.0ms)


Started GET "/articles/1" for 127.0.0.1 at 2024-12-10 09:05:55 -0500
Processing by ArticlesController#show as TURBO_STREAM
  Parameters: {"id"=>"1"}
  [1m[36mArticle Load (0.1ms)[0m  [1m[34mSELECT "articles".* FROM "articles" WHERE "articles"."id" = 1 LIMIT 1 /*action='show',application='Blog',controller='articles'*/[0m
  ↳ app/controllers/articles_controller.rb:7:in `show'
  Rendering layout layouts/application.html.erb
  Rendering articles/show.html.erb within layouts/application
  [1m[36mComment Load (0.1ms)[0m  [1m[34mSELECT "comments".* FROM "comments" WHERE "comments"."article_id" = 1 /*action='show',application='Blog',controller='articles'*/[0m
  ↳ app/views/articles/show.html.erb:12
  Rendered articles/show.html.erb within layouts/application (Duration: 2.1ms | GC: 0.0ms)
  Rendered layout layouts/application.html.erb (Duration: 2.6ms | GC: 0.0ms)
Completed 200 OK in 15ms (Views: 7.9ms | ActiveRecord: 0.2ms (2 queries, 0 cached) | GC: 4.9ms)


Started GET "/articles" for 127.0.0.1 at 2024-12-10 09:05:59 -0500
Processing by ArticlesController#index as HTML
  Rendering layout layouts/application.html.erb
  Rendering articles/index.html.erb within layouts/application
  [1m[36mArticle Load (0.1ms)[0m  [1m[34mSELECT "articles".* FROM "articles" /*action='index',application='Blog',controller='articles'*/[0m
  ↳ app/views/articles/index.html.erb:3
  Rendered articles/index.html.erb within layouts/application (Duration: 2.0ms | GC: 0.0ms)
  Rendered layout layouts/application.html.erb (Duration: 3.2ms | GC: 0.0ms)
Completed 200 OK in 11ms (Views: 4.4ms | ActiveRecord: 0.1ms (1 query, 0 cached) | GC: 0.0ms)


Started GET "/articles/1" for 127.0.0.1 at 2024-12-10 09:06:00 -0500
Processing by ArticlesController#show as HTML
  Parameters: {"id"=>"1"}
  [1m[36mArticle Load (0.1ms)[0m  [1m[34mSELECT "articles".* FROM "articles" WHERE "articles"."id" = 1 LIMIT 1 /*action='show',application='Blog',controller='articles'*/[0m
  ↳ app/controllers/articles_controller.rb:7:in `show'
  Rendering layout layouts/application.html.erb
  Rendering articles/show.html.erb within layouts/application
  [1m[36mComment Load (0.1ms)[0m  [1m[34mSELECT "comments".* FROM "comments" WHERE "comments"."article_id" = 1 /*action='show',application='Blog',controller='articles'*/[0m
  ↳ app/views/articles/show.html.erb:12
  Rendered articles/show.html.erb within layouts/application (Duration: 2.3ms | GC: 0.0ms)
  Rendered layout layouts/application.html.erb (Duration: 3.0ms | GC: 0.2ms)
Completed 200 OK in 10ms (Views: 3.3ms | ActiveRecord: 0.2ms (2 queries, 0 cached) | GC: 0.2ms)


Started GET "/articles/2" for 127.0.0.1 at 2024-12-10 09:06:00 -0500
Processing by ArticlesController#show as HTML
  Parameters: {"id"=>"2"}
  [1m[36mArticle Load (0.1ms)[0m  [1m[34mSELECT "articles".* FROM "articles" WHERE "articles"."id" = 2 LIMIT 1 /*action='show',application='Blog',controller='articles'*/[0m
  ↳ app/controllers/articles_controller.rb:7:in `show'
  Rendering layout layouts/application.html.erb
  Rendering articles/show.html.erb within layouts/application
  [1m[36mComment Load (0.1ms)[0m  [1m[34mSELECT "comments".* FROM "comments" WHERE "comments"."article_id" = 2 /*action='show',application='Blog',controller='articles'*/[0m
  ↳ app/views/articles/show.html.erb:12
  Rendered articles/show.html.erb within layouts/application (Duration: 2.4ms | GC: 0.3ms)
  Rendered layout layouts/application.html.erb (Duration: 2.9ms | GC: 0.3ms)
Completed 200 OK in 10ms (Views: 3.1ms | ActiveRecord: 0.2ms (2 queries, 0 cached) | GC: 0.3ms)


Started GET "/articles/1" for 127.0.0.1 at 2024-12-10 09:06:02 -0500
Processing by ArticlesController#show as HTML
  Parameters: {"id"=>"1"}
  [1m[36mArticle Load (0.1ms)[0m  [1m[34mSELECT "articles".* FROM "articles" WHERE "articles"."id" = 1 LIMIT 1 /*action='show',application='Blog',controller='articles'*/[0m
  ↳ app/controllers/articles_controller.rb:7:in `show'
  Rendering layout layouts/application.html.erb
  Rendering articles/show.html.erb within layouts/application
  [1m[36mComment Load (0.1ms)[0m  [1m[34mSELECT "comments".* FROM "comments" WHERE "comments"."article_id" = 1 /*action='show',application='Blog',controller='articles'*/[0m
  ↳ app/views/articles/show.html.erb:12
  Rendered articles/show.html.erb within layouts/application (Duration: 2.3ms | GC: 0.0ms)
  Rendered layout layouts/application.html.erb (Duration: 3.3ms | GC: 0.1ms)
Completed 200 OK in 10ms (Views: 3.6ms | ActiveRecord: 0.2ms (2 queries, 0 cached) | GC: 0.1ms)


